<?xml version="1.0" encoding="UTF-8"?>
<coverage generated="1538076348471" clover="3.2.0">
  <project timestamp="1538076348471" name="All files">
    <metrics statements="344" coveredstatements="119" conditionals="184" coveredconditionals="44" methods="103" coveredmethods="38" elements="631" coveredelements="201" complexity="0" loc="344" ncloc="344" packages="9" files="32" classes="32">
      <package name="src">
        <metrics statements="1" coveredstatements="1" conditionals="0" coveredconditionals="0" methods="0" coveredmethods="0"/>
        <file name="setupTests.js" path="C:\Users\sagiv\github clones\react-elastic-carousel\src\setupTests.js">
          <metrics statements="1" coveredstatements="1" conditionals="0" coveredconditionals="0" methods="0" coveredmethods="0"/>
          <line num="4" count="3" type="stmt"/>
        </file>
      </package>
      <package name="src.docs.components">
        <metrics statements="45" coveredstatements="0" conditionals="49" coveredconditionals="0" methods="21" coveredmethods="0"/>
        <file name="Button.js" path="C:\Users\sagiv\github clones\react-elastic-carousel\src\docs\components\Button.js">
          <metrics statements="1" coveredstatements="0" conditionals="4" coveredconditionals="0" methods="1" coveredmethods="0"/>
          <line num="1" count="0" type="cond" truecount="0" falsecount="4"/>
        </file>
        <file name="Description.js" path="C:\Users\sagiv\github clones\react-elastic-carousel\src\docs\components\Description.js">
          <metrics statements="3" coveredstatements="0" conditionals="4" coveredconditionals="0" methods="1" coveredmethods="0"/>
          <line num="1" count="0" type="cond" truecount="0" falsecount="4"/>
          <line num="3" count="0" type="stmt"/>
          <line num="5" count="0" type="stmt"/>
        </file>
        <file name="Flex.js" path="C:\Users\sagiv\github clones\react-elastic-carousel\src\docs\components\Flex.js">
          <metrics statements="4" coveredstatements="0" conditionals="4" coveredconditionals="0" methods="2" coveredmethods="0"/>
          <line num="1" count="0" type="cond" truecount="0" falsecount="4"/>
          <line num="3" count="0" type="stmt"/>
          <line num="5" count="0" type="stmt"/>
          <line num="6" count="0" type="stmt"/>
        </file>
        <file name="Item.js" path="C:\Users\sagiv\github clones\react-elastic-carousel\src\docs\components\Item.js">
          <metrics statements="4" coveredstatements="0" conditionals="6" coveredconditionals="0" methods="2" coveredmethods="0"/>
          <line num="1" count="0" type="cond" truecount="0" falsecount="4"/>
          <line num="3" count="0" type="stmt"/>
          <line num="11" count="0" type="cond" truecount="0" falsecount="2"/>
          <line num="17" count="0" type="stmt"/>
        </file>
        <file name="ItemContainer.js" path="C:\Users\sagiv\github clones\react-elastic-carousel\src\docs\components\ItemContainer.js">
          <metrics statements="14" coveredstatements="0" conditionals="8" coveredconditionals="0" methods="4" coveredmethods="0"/>
          <line num="1" count="0" type="stmt"/>
          <line num="2" count="0" type="stmt"/>
          <line num="3" count="0" type="stmt"/>
          <line num="4" count="0" type="stmt"/>
          <line num="5" count="0" type="stmt"/>
          <line num="6" count="0" type="stmt"/>
          <line num="7" count="0" type="cond" truecount="0" falsecount="4"/>
          <line num="9" count="0" type="stmt"/>
          <line num="11" count="0" type="stmt"/>
          <line num="12" count="0" type="cond" truecount="0" falsecount="2"/>
          <line num="15" count="0" type="stmt"/>
          <line num="16" count="0" type="stmt"/>
          <line num="30" count="0" type="stmt"/>
          <line num="35" count="0" type="stmt"/>
        </file>
        <file name="Poster.js" path="C:\Users\sagiv\github clones\react-elastic-carousel\src\docs\components\Poster.js">
          <metrics statements="4" coveredstatements="0" conditionals="4" coveredconditionals="0" methods="2" coveredmethods="0"/>
          <line num="1" count="0" type="cond" truecount="0" falsecount="4"/>
          <line num="3" count="0" type="stmt"/>
          <line num="4" count="0" type="stmt"/>
          <line num="10" count="0" type="stmt"/>
        </file>
        <file name="SimpleItem.js" path="C:\Users\sagiv\github clones\react-elastic-carousel\src\docs\components\SimpleItem.js">
          <metrics statements="5" coveredstatements="0" conditionals="4" coveredconditionals="0" methods="2" coveredmethods="0"/>
          <line num="1" count="0" type="stmt"/>
          <line num="2" count="0" type="cond" truecount="0" falsecount="4"/>
          <line num="4" count="0" type="stmt"/>
          <line num="12" count="0" type="stmt"/>
          <line num="13" count="0" type="stmt"/>
        </file>
        <file name="Square.js" path="C:\Users\sagiv\github clones\react-elastic-carousel\src\docs\components\Square.js">
          <metrics statements="4" coveredstatements="0" conditionals="10" coveredconditionals="0" methods="4" coveredmethods="0"/>
          <line num="1" count="0" type="cond" truecount="0" falsecount="4"/>
          <line num="6" count="0" type="cond" truecount="0" falsecount="2"/>
          <line num="7" count="0" type="cond" truecount="0" falsecount="2"/>
          <line num="8" count="0" type="cond" truecount="0" falsecount="2"/>
        </file>
        <file name="Title.js" path="C:\Users\sagiv\github clones\react-elastic-carousel\src\docs\components\Title.js">
          <metrics statements="3" coveredstatements="0" conditionals="4" coveredconditionals="0" methods="1" coveredmethods="0"/>
          <line num="1" count="0" type="cond" truecount="0" falsecount="4"/>
          <line num="3" count="0" type="stmt"/>
          <line num="6" count="0" type="stmt"/>
        </file>
        <file name="breakPoints.js" path="C:\Users\sagiv\github clones\react-elastic-carousel\src\docs\components\breakPoints.js">
          <metrics statements="1" coveredstatements="0" conditionals="0" coveredconditionals="0" methods="0" coveredmethods="0"/>
          <line num="1" count="0" type="stmt"/>
        </file>
        <file name="itemsCollection.js" path="C:\Users\sagiv\github clones\react-elastic-carousel\src\docs\components\itemsCollection.js">
          <metrics statements="2" coveredstatements="0" conditionals="1" coveredconditionals="0" methods="2" coveredmethods="0"/>
          <line num="1" count="0" type="stmt"/>
          <line num="3" count="0" type="stmt"/>
        </file>
      </package>
      <package name="src.react-elastic-carousel">
        <metrics statements="2" coveredstatements="0" conditionals="4" coveredconditionals="0" methods="3" coveredmethods="0"/>
        <file name="consts.js" path="C:\Users\sagiv\github clones\react-elastic-carousel\src\react-elastic-carousel\consts.js">
          <metrics statements="0" coveredstatements="0" conditionals="0" coveredconditionals="0" methods="0" coveredmethods="0"/>
        </file>
        <file name="index.js" path="C:\Users\sagiv\github clones\react-elastic-carousel\src\react-elastic-carousel\index.js">
          <metrics statements="2" coveredstatements="0" conditionals="4" coveredconditionals="0" methods="3" coveredmethods="0"/>
          <line num="1" count="0" type="stmt"/>
          <line num="2" count="0" type="cond" truecount="0" falsecount="4"/>
        </file>
      </package>
      <package name="src.react-elastic-carousel.actions">
        <metrics statements="4" coveredstatements="4" conditionals="0" coveredconditionals="0" methods="2" coveredmethods="2"/>
        <file name="consts.js" path="C:\Users\sagiv\github clones\react-elastic-carousel\src\react-elastic-carousel\actions\consts.js">
          <metrics statements="2" coveredstatements="2" conditionals="0" coveredconditionals="0" methods="0" coveredmethods="0"/>
          <line num="1" count="2" type="stmt"/>
          <line num="2" count="2" type="stmt"/>
        </file>
        <file name="itemsActions.js" path="C:\Users\sagiv\github clones\react-elastic-carousel\src\react-elastic-carousel\actions\itemsActions.js">
          <metrics statements="2" coveredstatements="2" conditionals="0" coveredconditionals="0" methods="2" coveredmethods="2"/>
          <line num="3" count="3" type="stmt"/>
          <line num="9" count="2" type="stmt"/>
        </file>
      </package>
      <package name="src.react-elastic-carousel.components">
        <metrics statements="226" coveredstatements="64" conditionals="90" coveredconditionals="19" methods="51" coveredmethods="15"/>
        <file name="Arrow.js" path="C:\Users\sagiv\github clones\react-elastic-carousel\src\react-elastic-carousel\components\Arrow.js">
          <metrics statements="16" coveredstatements="15" conditionals="4" coveredconditionals="3" methods="2" coveredmethods="2"/>
          <line num="7" count="1" type="stmt"/>
          <line num="14" count="1" type="stmt"/>
          <line num="16" count="1" type="stmt"/>
          <line num="17" count="6" type="stmt"/>
          <line num="18" count="6" type="cond" truecount="3" falsecount="1"/>
          <line num="19" count="0" type="stmt"/>
          <line num="21" count="6" type="stmt"/>
          <line num="23" count="1" type="stmt"/>
          <line num="24" count="6" type="stmt"/>
          <line num="25" count="6" type="stmt"/>
          <line num="29" count="6" type="stmt"/>
          <line num="41" count="1" type="stmt"/>
          <line num="42" count="1" type="stmt"/>
          <line num="43" count="1" type="stmt"/>
          <line num="44" count="1" type="stmt"/>
          <line num="46" count="1" type="stmt"/>
        </file>
        <file name="Carousel.js" path="C:\Users\sagiv\github clones\react-elastic-carousel\src\react-elastic-carousel\components\Carousel.js">
          <metrics statements="194" coveredstatements="36" conditionals="84" coveredconditionals="15" methods="45" coveredmethods="10"/>
          <line num="35" count="5" type="stmt"/>
          <line num="36" count="5" type="stmt"/>
          <line num="40" count="0" type="stmt"/>
          <line num="41" count="0" type="stmt"/>
          <line num="42" count="0" type="stmt"/>
          <line num="45" count="0" type="cond" truecount="0" falsecount="2"/>
          <line num="46" count="0" type="stmt"/>
          <line num="47" count="0" type="cond" truecount="0" falsecount="4"/>
          <line num="48" count="0" type="stmt"/>
          <line num="49" count="0" type="cond" truecount="0" falsecount="4"/>
          <line num="50" count="0" type="stmt"/>
          <line num="55" count="0" type="stmt"/>
          <line num="58" count="10" type="stmt"/>
          <line num="61" count="5" type="stmt"/>
          <line num="62" count="0" type="stmt"/>
          <line num="63" count="0" type="cond" truecount="0" falsecount="2"/>
          <line num="64" count="0" type="stmt"/>
          <line num="66" count="0" type="cond" truecount="0" falsecount="2"/>
          <line num="67" count="0" type="stmt"/>
          <line num="72" count="5" type="stmt"/>
          <line num="73" count="5" type="stmt"/>
          <line num="76" count="0" type="stmt"/>
          <line num="79" count="0" type="stmt"/>
          <line num="80" count="0" type="stmt"/>
          <line num="81" count="0" type="stmt"/>
          <line num="82" count="0" type="cond" truecount="0" falsecount="2"/>
          <line num="83" count="0" type="stmt"/>
          <line num="89" count="0" type="cond" truecount="0" falsecount="2"/>
          <line num="90" count="0" type="stmt"/>
          <line num="91" count="0" type="stmt"/>
          <line num="96" count="0" type="stmt"/>
          <line num="100" count="0" type="stmt"/>
          <line num="104" count="10" type="stmt"/>
          <line num="105" count="10" type="stmt"/>
          <line num="108" count="10" type="stmt"/>
          <line num="111" count="10" type="cond" truecount="2" falsecount="2"/>
          <line num="112" count="0" type="stmt"/>
          <line num="115" count="0" type="stmt"/>
          <line num="116" count="0" type="cond" truecount="0" falsecount="2"/>
          <line num="120" count="0" type="stmt"/>
          <line num="123" count="10" type="stmt"/>
          <line num="127" count="10" type="stmt"/>
          <line num="128" count="10" type="stmt"/>
          <line num="130" count="10" type="stmt"/>
          <line num="131" count="10" type="cond" truecount="1" falsecount="1"/>
          <line num="132" count="10" type="stmt"/>
          <line num="134" count="10" type="stmt"/>
          <line num="138" count="0" type="stmt"/>
          <line num="139" count="0" type="stmt"/>
          <line num="140" count="0" type="stmt"/>
          <line num="141" count="0" type="cond" truecount="0" falsecount="4"/>
          <line num="142" count="0" type="stmt"/>
          <line num="144" count="0" type="stmt"/>
          <line num="148" count="0" type="stmt"/>
          <line num="149" count="0" type="stmt"/>
          <line num="150" count="0" type="stmt"/>
          <line num="151" count="0" type="stmt"/>
          <line num="152" count="0" type="stmt"/>
          <line num="153" count="0" type="stmt"/>
          <line num="154" count="0" type="stmt"/>
          <line num="155" count="0" type="cond" truecount="0" falsecount="2"/>
          <line num="156" count="0" type="stmt"/>
          <line num="158" count="0" type="cond" truecount="0" falsecount="2"/>
          <line num="159" count="0" type="cond" truecount="0" falsecount="2"/>
          <line num="160" count="0" type="stmt"/>
          <line num="168" count="0" type="stmt"/>
          <line num="169" count="0" type="stmt"/>
          <line num="170" count="0" type="stmt"/>
          <line num="171" count="0" type="cond" truecount="0" falsecount="2"/>
          <line num="172" count="0" type="stmt"/>
          <line num="173" count="0" type="stmt"/>
          <line num="174" count="0" type="stmt"/>
          <line num="175" count="0" type="stmt"/>
          <line num="177" count="0" type="stmt"/>
          <line num="179" count="0" type="stmt"/>
          <line num="183" count="0" type="stmt"/>
          <line num="184" count="0" type="stmt"/>
          <line num="186" count="0" type="stmt"/>
          <line num="190" count="0" type="stmt"/>
          <line num="191" count="0" type="cond" truecount="0" falsecount="2"/>
          <line num="192" count="0" type="stmt"/>
          <line num="193" count="0" type="stmt"/>
          <line num="200" count="0" type="stmt"/>
          <line num="201" count="0" type="stmt"/>
          <line num="202" count="0" type="stmt"/>
          <line num="209" count="0" type="stmt"/>
          <line num="210" count="0" type="stmt"/>
          <line num="215" count="0" type="stmt"/>
          <line num="216" count="0" type="stmt"/>
          <line num="224" count="0" type="stmt"/>
          <line num="225" count="0" type="stmt"/>
          <line num="226" count="0" type="stmt"/>
          <line num="230" count="0" type="stmt"/>
          <line num="231" count="0" type="stmt"/>
          <line num="232" count="0" type="stmt"/>
          <line num="233" count="0" type="cond" truecount="0" falsecount="2"/>
          <line num="234" count="0" type="cond" truecount="0" falsecount="2"/>
          <line num="237" count="0" type="stmt"/>
          <line num="238" count="0" type="stmt"/>
          <line num="242" count="0" type="stmt"/>
          <line num="243" count="0" type="stmt"/>
          <line num="244" count="0" type="stmt"/>
          <line num="245" count="0" type="stmt"/>
          <line num="246" count="0" type="stmt"/>
          <line num="247" count="0" type="stmt"/>
          <line num="251" count="0" type="stmt"/>
          <line num="252" count="0" type="stmt"/>
          <line num="253" count="0" type="stmt"/>
          <line num="254" count="0" type="stmt"/>
          <line num="255" count="0" type="stmt"/>
          <line num="256" count="0" type="stmt"/>
          <line num="260" count="0" type="stmt"/>
          <line num="261" count="0" type="stmt"/>
          <line num="262" count="0" type="stmt"/>
          <line num="263" count="0" type="stmt"/>
          <line num="264" count="0" type="stmt"/>
          <line num="265" count="0" type="stmt"/>
          <line num="269" count="0" type="stmt"/>
          <line num="270" count="0" type="stmt"/>
          <line num="271" count="0" type="stmt"/>
          <line num="272" count="0" type="cond" truecount="0" falsecount="2"/>
          <line num="273" count="0" type="stmt"/>
          <line num="274" count="0" type="cond" truecount="0" falsecount="2"/>
          <line num="275" count="0" type="stmt"/>
          <line num="280" count="0" type="stmt"/>
          <line num="281" count="0" type="stmt"/>
          <line num="282" count="0" type="stmt"/>
          <line num="283" count="0" type="cond" truecount="0" falsecount="2"/>
          <line num="284" count="0" type="stmt"/>
          <line num="285" count="0" type="cond" truecount="0" falsecount="2"/>
          <line num="286" count="0" type="stmt"/>
          <line num="291" count="0" type="stmt"/>
          <line num="292" count="0" type="stmt"/>
          <line num="293" count="0" type="stmt"/>
          <line num="294" count="0" type="stmt"/>
          <line num="295" count="0" type="stmt"/>
          <line num="296" count="0" type="stmt"/>
          <line num="300" count="0" type="stmt"/>
          <line num="301" count="0" type="stmt"/>
          <line num="302" count="0" type="stmt"/>
          <line num="303" count="0" type="stmt"/>
          <line num="304" count="0" type="stmt"/>
          <line num="305" count="0" type="stmt"/>
          <line num="313" count="0" type="stmt"/>
          <line num="314" count="0" type="stmt"/>
          <line num="315" count="0" type="stmt"/>
          <line num="316" count="0" type="cond" truecount="0" falsecount="2"/>
          <line num="317" count="0" type="cond" truecount="0" falsecount="2"/>
          <line num="318" count="0" type="stmt"/>
          <line num="320" count="0" type="stmt"/>
          <line num="323" count="0" type="stmt"/>
          <line num="333" count="0" type="stmt"/>
          <line num="334" count="0" type="stmt"/>
          <line num="335" count="0" type="stmt"/>
          <line num="336" count="0" type="stmt"/>
          <line num="337" count="0" type="stmt"/>
          <line num="338" count="0" type="stmt"/>
          <line num="339" count="0" type="stmt"/>
          <line num="340" count="0" type="cond" truecount="0" falsecount="2"/>
          <line num="341" count="0" type="stmt"/>
          <line num="343" count="0" type="cond" truecount="0" falsecount="2"/>
          <line num="344" count="0" type="stmt"/>
          <line num="346" count="0" type="stmt"/>
          <line num="347" count="0" type="stmt"/>
          <line num="348" count="0" type="cond" truecount="0" falsecount="2"/>
          <line num="349" count="0" type="stmt"/>
          <line num="350" count="0" type="stmt"/>
          <line num="352" count="0" type="stmt"/>
          <line num="360" count="0" type="stmt"/>
          <line num="362" count="0" type="stmt"/>
          <line num="370" count="5" type="stmt"/>
          <line num="371" count="5" type="stmt"/>
          <line num="372" count="5" type="stmt"/>
          <line num="373" count="5" type="cond" truecount="1" falsecount="1"/>
          <line num="377" count="5" type="stmt"/>
          <line num="378" count="5" type="stmt"/>
          <line num="379" count="5" type="stmt"/>
          <line num="380" count="5" type="stmt"/>
          <line num="381" count="5" type="cond" truecount="1" falsecount="1"/>
          <line num="382" count="0" type="stmt"/>
          <line num="388" count="0" type="stmt"/>
          <line num="389" count="0" type="stmt"/>
          <line num="390" count="0" type="stmt"/>
          <line num="391" count="0" type="stmt"/>
          <line num="402" count="5" type="stmt"/>
          <line num="421" count="5" type="stmt"/>
          <line num="422" count="5" type="cond" truecount="2" falsecount="0"/>
          <line num="423" count="5" type="cond" truecount="2" falsecount="0"/>
          <line num="424" count="5" type="stmt"/>
          <line num="425" count="5" type="stmt"/>
          <line num="426" count="5" type="stmt"/>
          <line num="428" count="5" type="stmt"/>
          <line num="507" count="1" type="stmt"/>
          <line num="537" count="1" type="stmt"/>
        </file>
        <file name="ItemWrapperContainer.js" path="C:\Users\sagiv\github clones\react-elastic-carousel\src\react-elastic-carousel\components\ItemWrapperContainer.js">
          <metrics statements="6" coveredstatements="4" conditionals="0" coveredconditionals="0" methods="2" coveredmethods="1"/>
          <line num="9" count="0" type="stmt"/>
          <line num="10" count="0" type="stmt"/>
          <line num="13" count="15" type="stmt"/>
          <line num="14" count="15" type="stmt"/>
          <line num="27" count="1" type="stmt"/>
          <line num="33" count="1" type="stmt"/>
        </file>
        <file name="Track.js" path="C:\Users\sagiv\github clones\react-elastic-carousel\src\react-elastic-carousel\components\Track.js">
          <metrics statements="10" coveredstatements="9" conditionals="2" coveredconditionals="1" methods="2" coveredmethods="2"/>
          <line num="7" count="1" type="stmt"/>
          <line num="20" count="3" type="stmt"/>
          <line num="21" count="3" type="stmt"/>
          <line num="22" count="3" type="stmt"/>
          <line num="24" count="15" type="stmt"/>
          <line num="33" count="15" type="cond" truecount="1" falsecount="1"/>
          <line num="34" count="15" type="stmt"/>
          <line num="49" count="0" type="stmt"/>
          <line num="52" count="3" type="stmt"/>
          <line num="55" count="1" type="stmt"/>
        </file>
      </package>
      <package name="src.react-elastic-carousel.components.Pagination">
        <metrics statements="19" coveredstatements="17" conditionals="6" coveredconditionals="6" methods="7" coveredmethods="6"/>
        <file name="Dot.js" path="C:\Users\sagiv\github clones\react-elastic-carousel\src\react-elastic-carousel\components\Pagination\Dot.js">
          <metrics statements="12" coveredstatements="10" conditionals="6" coveredconditionals="6" methods="5" coveredmethods="4"/>
          <line num="6" count="1" type="stmt"/>
          <line num="7" count="1" type="stmt"/>
          <line num="8" count="1" type="stmt"/>
          <line num="10" count="1" type="stmt"/>
          <line num="14" count="15" type="cond" truecount="2" falsecount="0"/>
          <line num="19" count="15" type="cond" truecount="2" falsecount="0"/>
          <line num="24" count="15" type="cond" truecount="2" falsecount="0"/>
          <line num="30" count="0" type="stmt"/>
          <line num="31" count="0" type="stmt"/>
          <line num="34" count="15" type="stmt"/>
          <line num="35" count="15" type="stmt"/>
          <line num="46" count="1" type="stmt"/>
        </file>
        <file name="Pagination.js" path="C:\Users\sagiv\github clones\react-elastic-carousel\src\react-elastic-carousel\components\Pagination\Pagination.js">
          <metrics statements="7" coveredstatements="7" conditionals="0" coveredconditionals="0" methods="2" coveredmethods="2"/>
          <line num="7" count="1" type="stmt"/>
          <line num="15" count="3" type="stmt"/>
          <line num="16" count="3" type="stmt"/>
          <line num="17" count="3" type="stmt"/>
          <line num="20" count="15" type="stmt"/>
          <line num="27" count="1" type="stmt"/>
          <line num="31" count="1" type="stmt"/>
        </file>
        <file name="index.js" path="C:\Users\sagiv\github clones\react-elastic-carousel\src\react-elastic-carousel\components\Pagination\index.js">
          <metrics statements="0" coveredstatements="0" conditionals="0" coveredconditionals="0" methods="0" coveredmethods="0"/>
        </file>
      </package>
      <package name="src.react-elastic-carousel.components.styled">
        <metrics statements="21" coveredstatements="18" conditionals="24" coveredconditionals="12" methods="9" coveredmethods="9"/>
        <file name="Button.js" path="C:\Users\sagiv\github clones\react-elastic-carousel\src\react-elastic-carousel\components\styled\Button.js">
          <metrics statements="0" coveredstatements="0" conditionals="0" coveredconditionals="0" methods="0" coveredmethods="0"/>
        </file>
        <file name="CarouselWrapper.js" path="C:\Users\sagiv\github clones\react-elastic-carousel\src\react-elastic-carousel\components\styled\CarouselWrapper.js">
          <metrics statements="1" coveredstatements="1" conditionals="2" coveredconditionals="1" methods="1" coveredmethods="1"/>
          <line num="8" count="3" type="cond" truecount="1" falsecount="1"/>
        </file>
        <file name="ItemWrapper.js" path="C:\Users\sagiv\github clones\react-elastic-carousel\src\react-elastic-carousel\components\styled\ItemWrapper.js">
          <metrics statements="2" coveredstatements="2" conditionals="0" coveredconditionals="0" methods="2" coveredmethods="2"/>
          <line num="4" count="15" type="stmt"/>
          <line num="10" count="15" type="stmt"/>
        </file>
        <file name="Slider.js" path="C:\Users\sagiv\github clones\react-elastic-carousel\src\react-elastic-carousel\components\styled\Slider.js">
          <metrics statements="17" coveredstatements="14" conditionals="22" coveredconditionals="11" methods="5" coveredmethods="5"/>
          <line num="3" count="1" type="stmt"/>
          <line num="10" count="3" type="cond" truecount="3" falsecount="1"/>
          <line num="11" count="0" type="stmt"/>
          <line num="13" count="3" type="cond" truecount="1" falsecount="1"/>
          <line num="17" count="1" type="stmt"/>
          <line num="24" count="3" type="cond" truecount="3" falsecount="1"/>
          <line num="25" count="0" type="cond" truecount="0" falsecount="2"/>
          <line num="27" count="3" type="stmt"/>
          <line num="31" count="1" type="stmt"/>
          <line num="37" count="3" type="cond" truecount="1" falsecount="1"/>
          <line num="38" count="3" type="stmt"/>
          <line num="40" count="0" type="cond" truecount="0" falsecount="2"/>
          <line num="44" count="1" type="stmt"/>
          <line num="45" count="3" type="cond" truecount="1" falsecount="1"/>
          <line num="46" count="3" type="cond" truecount="1" falsecount="1"/>
          <line num="47" count="3" type="stmt"/>
          <line num="53" count="3" type="cond" truecount="1" falsecount="1"/>
        </file>
        <file name="SliderContainer.js" path="C:\Users\sagiv\github clones\react-elastic-carousel\src\react-elastic-carousel\components\styled\SliderContainer.js">
          <metrics statements="0" coveredstatements="0" conditionals="0" coveredconditionals="0" methods="0" coveredmethods="0"/>
        </file>
        <file name="StyledCarousel.js" path="C:\Users\sagiv\github clones\react-elastic-carousel\src\react-elastic-carousel\components\styled\StyledCarousel.js">
          <metrics statements="1" coveredstatements="1" conditionals="0" coveredconditionals="0" methods="1" coveredmethods="1"/>
          <line num="7" count="3" type="stmt"/>
        </file>
        <file name="index.js" path="C:\Users\sagiv\github clones\react-elastic-carousel\src\react-elastic-carousel\components\styled\index.js">
          <metrics statements="0" coveredstatements="0" conditionals="0" coveredconditionals="0" methods="0" coveredmethods="0"/>
        </file>
      </package>
      <package name="src.react-elastic-carousel.reducers">
        <metrics statements="10" coveredstatements="10" conditionals="7" coveredconditionals="7" methods="1" coveredmethods="1"/>
        <file name="items.js" path="C:\Users\sagiv\github clones\react-elastic-carousel\src\react-elastic-carousel\reducers\items.js">
          <metrics statements="10" coveredstatements="10" conditionals="7" coveredconditionals="7" methods="1" coveredmethods="1"/>
          <line num="3" count="2" type="stmt"/>
          <line num="4" count="6" type="stmt"/>
          <line num="5" count="6" type="cond" truecount="3" falsecount="0"/>
          <line num="7" count="3" type="stmt"/>
          <line num="8" count="3" type="cond" truecount="2" falsecount="0"/>
          <line num="9" count="3" type="stmt"/>
          <line num="13" count="2" type="stmt"/>
          <line num="14" count="2" type="cond" truecount="2" falsecount="0"/>
          <line num="15" count="2" type="stmt"/>
          <line num="19" count="1" type="stmt"/>
        </file>
      </package>
      <package name="src.react-elastic-carousel.utils">
        <metrics statements="16" coveredstatements="5" conditionals="4" coveredconditionals="0" methods="9" coveredmethods="5"/>
        <file name="helpers.js" path="C:\Users\sagiv\github clones\react-elastic-carousel\src\react-elastic-carousel\utils\helpers.js">
          <metrics statements="16" coveredstatements="5" conditionals="4" coveredconditionals="0" methods="9" coveredmethods="5"/>
          <line num="1" count="2" type="stmt"/>
          <line num="3" count="5" type="stmt"/>
          <line num="5" count="70" type="stmt"/>
          <line num="7" count="3" type="stmt"/>
          <line num="9" count="2" type="stmt"/>
          <line num="12" count="0" type="stmt"/>
          <line num="13" count="0" type="stmt"/>
          <line num="14" count="0" type="stmt"/>
          <line num="15" count="0" type="cond" truecount="0" falsecount="2"/>
          <line num="16" count="0" type="stmt"/>
          <line num="17" count="0" type="stmt"/>
          <line num="19" count="0" type="stmt"/>
          <line num="20" count="0" type="stmt"/>
          <line num="21" count="0" type="cond" truecount="0" falsecount="2"/>
          <line num="22" count="0" type="stmt"/>
          <line num="23" count="0" type="stmt"/>
        </file>
      </package>
    </metrics>
  </project>
</coverage>
