{"C:\\Users\\sagiv\\github clones\\react-elastic-carousel\\src\\setupTests.js": {"path":"C:\\Users\\sagiv\\github clones\\react-elastic-carousel\\src\\setupTests.js","statementMap":{"0":{"start":{"line":4,"column":0},"end":{"line":4,"column":38}}},"fnMap":{},"branchMap":{},"s":{"0":3},"f":{},"b":{},"_coverageSchema":"332fd63041d2c1bcb487cc26dd0d5f7d97098a6c","hash":"4e35926fdf4b7fb6f16fe229a335763eeb5c0691"}
,"C:\\Users\\sagiv\\github clones\\react-elastic-carousel\\src\\docs\\components\\Button.js": {"path":"C:\\Users\\sagiv\\github clones\\react-elastic-carousel\\src\\docs\\components\\Button.js","statementMap":{"0":{"start":{"line":1,"column":13},"end":{"line":1,"column":75}},"1":{"start":{"line":1,"column":99},"end":{"line":1,"column":127}},"2":{"start":{"line":1,"column":153},"end":{"line":1,"column":194}},"3":{"start":{"line":1,"column":233},"end":{"line":1,"column":287}},"4":{"start":{"line":1,"column":288},"end":{"line":9,"column":2}}},"fnMap":{"0":{"name":"_interopRequireDefault","decl":{"start":{"line":1,"column":204},"end":{"line":1,"column":226}},"loc":{"start":{"line":1,"column":232},"end":{"line":1,"column":288}},"line":1}},"branchMap":{"0":{"loc":{"start":{"line":1,"column":240},"end":{"line":1,"column":286}},"type":"cond-expr","locations":[{"start":{"line":1,"column":264},"end":{"line":1,"column":267}},{"start":{"line":1,"column":270},"end":{"line":1,"column":286}}],"line":1},"1":{"loc":{"start":{"line":1,"column":240},"end":{"line":1,"column":261}},"type":"binary-expr","locations":[{"start":{"line":1,"column":240},"end":{"line":1,"column":243}},{"start":{"line":1,"column":247},"end":{"line":1,"column":261}}],"line":1}},"s":{"0":0,"1":0,"2":0,"3":0,"4":0},"f":{"0":0},"b":{"0":[0,0],"1":[0,0]}}
,"C:\\Users\\sagiv\\github clones\\react-elastic-carousel\\src\\docs\\components\\Description.js": {"path":"C:\\Users\\sagiv\\github clones\\react-elastic-carousel\\src\\docs\\components\\Description.js","statementMap":{"0":{"start":{"line":1,"column":13},"end":{"line":1,"column":75}},"1":{"start":{"line":1,"column":99},"end":{"line":1,"column":127}},"2":{"start":{"line":1,"column":153},"end":{"line":1,"column":194}},"3":{"start":{"line":1,"column":233},"end":{"line":1,"column":287}},"4":{"start":{"line":3,"column":20},"end":{"line":5,"column":1}},"5":{"start":{"line":5,"column":2},"end":{"line":7,"column":12}}},"fnMap":{"0":{"name":"_interopRequireDefault","decl":{"start":{"line":1,"column":204},"end":{"line":1,"column":226}},"loc":{"start":{"line":1,"column":232},"end":{"line":1,"column":288}},"line":1}},"branchMap":{"0":{"loc":{"start":{"line":1,"column":240},"end":{"line":1,"column":286}},"type":"cond-expr","locations":[{"start":{"line":1,"column":264},"end":{"line":1,"column":267}},{"start":{"line":1,"column":270},"end":{"line":1,"column":286}}],"line":1},"1":{"loc":{"start":{"line":1,"column":240},"end":{"line":1,"column":261}},"type":"binary-expr","locations":[{"start":{"line":1,"column":240},"end":{"line":1,"column":243}},{"start":{"line":1,"column":247},"end":{"line":1,"column":261}}],"line":1}},"s":{"0":0,"1":0,"2":0,"3":0,"4":0,"5":0},"f":{"0":0},"b":{"0":[0,0],"1":[0,0]}}
,"C:\\Users\\sagiv\\github clones\\react-elastic-carousel\\src\\docs\\components\\Flex.js": {"path":"C:\\Users\\sagiv\\github clones\\react-elastic-carousel\\src\\docs\\components\\Flex.js","statementMap":{"0":{"start":{"line":1,"column":13},"end":{"line":1,"column":75}},"1":{"start":{"line":1,"column":99},"end":{"line":1,"column":127}},"2":{"start":{"line":1,"column":153},"end":{"line":1,"column":194}},"3":{"start":{"line":1,"column":233},"end":{"line":1,"column":287}},"4":{"start":{"line":3,"column":13},"end":{"line":6,"column":1}},"5":{"start":{"line":5,"column":39},"end":{"line":5,"column":48}},"6":{"start":{"line":6,"column":2},"end":{"line":8,"column":5}}},"fnMap":{"0":{"name":"_interopRequireDefault","decl":{"start":{"line":1,"column":204},"end":{"line":1,"column":226}},"loc":{"start":{"line":1,"column":232},"end":{"line":1,"column":288}},"line":1},"1":{"name":"(anonymous_1)","decl":{"start":{"line":5,"column":20},"end":{"line":5,"column":21}},"loc":{"start":{"line":5,"column":39},"end":{"line":5,"column":48}},"line":5}},"branchMap":{"0":{"loc":{"start":{"line":1,"column":240},"end":{"line":1,"column":286}},"type":"cond-expr","locations":[{"start":{"line":1,"column":264},"end":{"line":1,"column":267}},{"start":{"line":1,"column":270},"end":{"line":1,"column":286}}],"line":1},"1":{"loc":{"start":{"line":1,"column":240},"end":{"line":1,"column":261}},"type":"binary-expr","locations":[{"start":{"line":1,"column":240},"end":{"line":1,"column":243}},{"start":{"line":1,"column":247},"end":{"line":1,"column":261}}],"line":1}},"s":{"0":0,"1":0,"2":0,"3":0,"4":0,"5":0,"6":0},"f":{"0":0,"1":0},"b":{"0":[0,0],"1":[0,0]}}
,"C:\\Users\\sagiv\\github clones\\react-elastic-carousel\\src\\docs\\components\\Item.js": {"path":"C:\\Users\\sagiv\\github clones\\react-elastic-carousel\\src\\docs\\components\\Item.js","statementMap":{"0":{"start":{"line":1,"column":13},"end":{"line":1,"column":75}},"1":{"start":{"line":1,"column":99},"end":{"line":1,"column":127}},"2":{"start":{"line":1,"column":153},"end":{"line":1,"column":194}},"3":{"start":{"line":1,"column":233},"end":{"line":1,"column":287}},"4":{"start":{"line":3,"column":13},"end":{"line":17,"column":1}},"5":{"start":{"line":11,"column":22},"end":{"line":11,"column":67}},"6":{"start":{"line":17,"column":2},"end":{"line":19,"column":5}}},"fnMap":{"0":{"name":"_interopRequireDefault","decl":{"start":{"line":1,"column":204},"end":{"line":1,"column":226}},"loc":{"start":{"line":1,"column":232},"end":{"line":1,"column":288}},"line":1},"1":{"name":"(anonymous_1)","decl":{"start":{"line":11,"column":6},"end":{"line":11,"column":7}},"loc":{"start":{"line":11,"column":22},"end":{"line":11,"column":67}},"line":11}},"branchMap":{"0":{"loc":{"start":{"line":1,"column":240},"end":{"line":1,"column":286}},"type":"cond-expr","locations":[{"start":{"line":1,"column":264},"end":{"line":1,"column":267}},{"start":{"line":1,"column":270},"end":{"line":1,"column":286}}],"line":1},"1":{"loc":{"start":{"line":1,"column":240},"end":{"line":1,"column":261}},"type":"binary-expr","locations":[{"start":{"line":1,"column":240},"end":{"line":1,"column":243}},{"start":{"line":1,"column":247},"end":{"line":1,"column":261}}],"line":1},"2":{"loc":{"start":{"line":11,"column":22},"end":{"line":11,"column":67}},"type":"cond-expr","locations":[{"start":{"line":11,"column":31},"end":{"line":11,"column":47}},{"start":{"line":11,"column":50},"end":{"line":11,"column":67}}],"line":11}},"s":{"0":0,"1":0,"2":0,"3":0,"4":0,"5":0,"6":0},"f":{"0":0,"1":0},"b":{"0":[0,0],"1":[0,0],"2":[0,0]}}
,"C:\\Users\\sagiv\\github clones\\react-elastic-carousel\\src\\docs\\components\\ItemContainer.js": {"path":"C:\\Users\\sagiv\\github clones\\react-elastic-carousel\\src\\docs\\components\\ItemContainer.js","statementMap":{"0":{"start":{"line":1,"column":13},"end":{"line":1,"column":75}},"1":{"start":{"line":1,"column":94},"end":{"line":1,"column":192}},"2":{"start":{"line":1,"column":206},"end":{"line":1,"column":222}},"3":{"start":{"line":1,"column":237},"end":{"line":1,"column":267}},"4":{"start":{"line":2,"column":17},"end":{"line":2,"column":38}},"5":{"start":{"line":2,"column":57},"end":{"line":2,"column":91}},"6":{"start":{"line":3,"column":12},"end":{"line":3,"column":29}},"7":{"start":{"line":3,"column":43},"end":{"line":3,"column":72}},"8":{"start":{"line":4,"column":12},"end":{"line":4,"column":29}},"9":{"start":{"line":4,"column":43},"end":{"line":4,"column":72}},"10":{"start":{"line":5,"column":13},"end":{"line":5,"column":31}},"11":{"start":{"line":5,"column":46},"end":{"line":5,"column":76}},"12":{"start":{"line":6,"column":14},"end":{"line":6,"column":33}},"13":{"start":{"line":6,"column":49},"end":{"line":6,"column":80}},"14":{"start":{"line":7,"column":19},"end":{"line":7,"column":43}},"15":{"start":{"line":7,"column":64},"end":{"line":7,"column":100}},"16":{"start":{"line":7,"column":139},"end":{"line":7,"column":193}},"17":{"start":{"line":9,"column":78},"end":{"line":13,"column":13}},"18":{"start":{"line":11,"column":6},"end":{"line":11,"column":16}},"19":{"start":{"line":11,"column":33},"end":{"line":11,"column":47}},"20":{"start":{"line":11,"column":53},"end":{"line":11,"column":62}},"21":{"start":{"line":12,"column":6},"end":{"line":12,"column":29}},"22":{"start":{"line":15,"column":4},"end":{"line":15,"column":14}},"23":{"start":{"line":15,"column":29},"end":{"line":15,"column":42}},"24":{"start":{"line":15,"column":49},"end":{"line":15,"column":60}},"25":{"start":{"line":15,"column":75},"end":{"line":15,"column":94}},"26":{"start":{"line":16,"column":4},"end":{"line":22,"column":154}},"27":{"start":{"line":30,"column":0},"end":{"line":35,"column":38}},"28":{"start":{"line":35,"column":38},"end":{"line":38,"column":14}}},"fnMap":{"0":{"name":"_interopRequireDefault","decl":{"start":{"line":7,"column":110},"end":{"line":7,"column":132}},"loc":{"start":{"line":7,"column":138},"end":{"line":7,"column":194}},"line":7},"1":{"name":"(anonymous_1)","decl":{"start":{"line":9,"column":46},"end":{"line":9,"column":47}},"loc":{"start":{"line":9,"column":67},"end":{"line":13,"column":14}},"line":9},"2":{"name":"(anonymous_2)","decl":{"start":{"line":10,"column":14},"end":{"line":10,"column":15}},"loc":{"start":{"line":10,"column":20},"end":{"line":13,"column":5}},"line":10},"3":{"name":"(anonymous_3)","decl":{"start":{"line":14,"column":2},"end":{"line":14,"column":3}},"loc":{"start":{"line":14,"column":11},"end":{"line":27,"column":3}},"line":14}},"branchMap":{"0":{"loc":{"start":{"line":7,"column":146},"end":{"line":7,"column":192}},"type":"cond-expr","locations":[{"start":{"line":7,"column":170},"end":{"line":7,"column":173}},{"start":{"line":7,"column":176},"end":{"line":7,"column":192}}],"line":7},"1":{"loc":{"start":{"line":7,"column":146},"end":{"line":7,"column":167}},"type":"binary-expr","locations":[{"start":{"line":7,"column":146},"end":{"line":7,"column":149}},{"start":{"line":7,"column":153},"end":{"line":7,"column":167}}],"line":7},"2":{"loc":{"start":{"line":12,"column":6},"end":{"line":12,"column":28}},"type":"binary-expr","locations":[{"start":{"line":12,"column":6},"end":{"line":12,"column":13}},{"start":{"line":12,"column":17},"end":{"line":12,"column":28}}],"line":12},"3":{"loc":{"start":{"line":21,"column":12},"end":{"line":21,"column":148}},"type":"binary-expr","locations":[{"start":{"line":21,"column":12},"end":{"line":21,"column":15}},{"start":{"line":21,"column":19},"end":{"line":21,"column":148}}],"line":21}},"s":{"0":0,"1":0,"2":0,"3":0,"4":0,"5":0,"6":0,"7":0,"8":0,"9":0,"10":0,"11":0,"12":0,"13":0,"14":0,"15":0,"16":0,"17":0,"18":0,"19":0,"20":0,"21":0,"22":0,"23":0,"24":0,"25":0,"26":0,"27":0,"28":0},"f":{"0":0,"1":0,"2":0,"3":0},"b":{"0":[0,0],"1":[0,0],"2":[0,0],"3":[0,0]}}
,"C:\\Users\\sagiv\\github clones\\react-elastic-carousel\\src\\docs\\components\\Poster.js": {"path":"C:\\Users\\sagiv\\github clones\\react-elastic-carousel\\src\\docs\\components\\Poster.js","statementMap":{"0":{"start":{"line":1,"column":13},"end":{"line":1,"column":75}},"1":{"start":{"line":1,"column":99},"end":{"line":1,"column":127}},"2":{"start":{"line":1,"column":153},"end":{"line":1,"column":194}},"3":{"start":{"line":1,"column":233},"end":{"line":1,"column":287}},"4":{"start":{"line":3,"column":15},"end":{"line":10,"column":1}},"5":{"start":{"line":4,"column":23},"end":{"line":4,"column":57}},"6":{"start":{"line":10,"column":2},"end":{"line":12,"column":7}}},"fnMap":{"0":{"name":"_interopRequireDefault","decl":{"start":{"line":1,"column":204},"end":{"line":1,"column":226}},"loc":{"start":{"line":1,"column":232},"end":{"line":1,"column":288}},"line":1},"1":{"name":"(anonymous_1)","decl":{"start":{"line":4,"column":9},"end":{"line":4,"column":10}},"loc":{"start":{"line":4,"column":23},"end":{"line":4,"column":57}},"line":4}},"branchMap":{"0":{"loc":{"start":{"line":1,"column":240},"end":{"line":1,"column":286}},"type":"cond-expr","locations":[{"start":{"line":1,"column":264},"end":{"line":1,"column":267}},{"start":{"line":1,"column":270},"end":{"line":1,"column":286}}],"line":1},"1":{"loc":{"start":{"line":1,"column":240},"end":{"line":1,"column":261}},"type":"binary-expr","locations":[{"start":{"line":1,"column":240},"end":{"line":1,"column":243}},{"start":{"line":1,"column":247},"end":{"line":1,"column":261}}],"line":1}},"s":{"0":0,"1":0,"2":0,"3":0,"4":0,"5":0,"6":0},"f":{"0":0,"1":0},"b":{"0":[0,0],"1":[0,0]}}
,"C:\\Users\\sagiv\\github clones\\react-elastic-carousel\\src\\docs\\components\\SimpleItem.js": {"path":"C:\\Users\\sagiv\\github clones\\react-elastic-carousel\\src\\docs\\components\\SimpleItem.js","statementMap":{"0":{"start":{"line":1,"column":13},"end":{"line":1,"column":75}},"1":{"start":{"line":1,"column":99},"end":{"line":1,"column":127}},"2":{"start":{"line":1,"column":153},"end":{"line":1,"column":194}},"3":{"start":{"line":2,"column":12},"end":{"line":2,"column":29}},"4":{"start":{"line":2,"column":43},"end":{"line":2,"column":72}},"5":{"start":{"line":2,"column":111},"end":{"line":2,"column":165}},"6":{"start":{"line":4,"column":19},"end":{"line":13,"column":1}},"7":{"start":{"line":12,"column":33},"end":{"line":12,"column":41}},"8":{"start":{"line":13,"column":2},"end":{"line":15,"column":11}}},"fnMap":{"0":{"name":"_interopRequireDefault","decl":{"start":{"line":2,"column":82},"end":{"line":2,"column":104}},"loc":{"start":{"line":2,"column":110},"end":{"line":2,"column":166}},"line":2},"1":{"name":"(anonymous_1)","decl":{"start":{"line":12,"column":15},"end":{"line":12,"column":16}},"loc":{"start":{"line":12,"column":33},"end":{"line":12,"column":41}},"line":12}},"branchMap":{"0":{"loc":{"start":{"line":2,"column":118},"end":{"line":2,"column":164}},"type":"cond-expr","locations":[{"start":{"line":2,"column":142},"end":{"line":2,"column":145}},{"start":{"line":2,"column":148},"end":{"line":2,"column":164}}],"line":2},"1":{"loc":{"start":{"line":2,"column":118},"end":{"line":2,"column":139}},"type":"binary-expr","locations":[{"start":{"line":2,"column":118},"end":{"line":2,"column":121}},{"start":{"line":2,"column":125},"end":{"line":2,"column":139}}],"line":2}},"s":{"0":0,"1":0,"2":0,"3":0,"4":0,"5":0,"6":0,"7":0,"8":0},"f":{"0":0,"1":0},"b":{"0":[0,0],"1":[0,0]}}
,"C:\\Users\\sagiv\\github clones\\react-elastic-carousel\\src\\docs\\components\\Square.js": {"path":"C:\\Users\\sagiv\\github clones\\react-elastic-carousel\\src\\docs\\components\\Square.js","statementMap":{"0":{"start":{"line":1,"column":13},"end":{"line":1,"column":75}},"1":{"start":{"line":1,"column":99},"end":{"line":1,"column":127}},"2":{"start":{"line":1,"column":153},"end":{"line":1,"column":194}},"3":{"start":{"line":1,"column":233},"end":{"line":1,"column":287}},"4":{"start":{"line":1,"column":288},"end":{"line":16,"column":2}},"5":{"start":{"line":6,"column":38},"end":{"line":6,"column":72}},"6":{"start":{"line":7,"column":27},"end":{"line":7,"column":50}},"7":{"start":{"line":8,"column":37},"end":{"line":8,"column":54}}},"fnMap":{"0":{"name":"_interopRequireDefault","decl":{"start":{"line":1,"column":204},"end":{"line":1,"column":226}},"loc":{"start":{"line":1,"column":232},"end":{"line":1,"column":288}},"line":1},"1":{"name":"(anonymous_1)","decl":{"start":{"line":6,"column":22},"end":{"line":6,"column":23}},"loc":{"start":{"line":6,"column":38},"end":{"line":6,"column":72}},"line":6},"2":{"name":"(anonymous_2)","decl":{"start":{"line":7,"column":11},"end":{"line":7,"column":12}},"loc":{"start":{"line":7,"column":27},"end":{"line":7,"column":50}},"line":7},"3":{"name":"(anonymous_3)","decl":{"start":{"line":8,"column":21},"end":{"line":8,"column":22}},"loc":{"start":{"line":8,"column":37},"end":{"line":8,"column":54}},"line":8}},"branchMap":{"0":{"loc":{"start":{"line":1,"column":240},"end":{"line":1,"column":286}},"type":"cond-expr","locations":[{"start":{"line":1,"column":264},"end":{"line":1,"column":267}},{"start":{"line":1,"column":270},"end":{"line":1,"column":286}}],"line":1},"1":{"loc":{"start":{"line":1,"column":240},"end":{"line":1,"column":261}},"type":"binary-expr","locations":[{"start":{"line":1,"column":240},"end":{"line":1,"column":243}},{"start":{"line":1,"column":247},"end":{"line":1,"column":261}}],"line":1},"2":{"loc":{"start":{"line":6,"column":38},"end":{"line":6,"column":72}},"type":"cond-expr","locations":[{"start":{"line":6,"column":47},"end":{"line":6,"column":56}},{"start":{"line":6,"column":59},"end":{"line":6,"column":72}}],"line":6},"3":{"loc":{"start":{"line":7,"column":27},"end":{"line":7,"column":50}},"type":"cond-expr","locations":[{"start":{"line":7,"column":36},"end":{"line":7,"column":42}},{"start":{"line":7,"column":45},"end":{"line":7,"column":50}}],"line":7},"4":{"loc":{"start":{"line":8,"column":37},"end":{"line":8,"column":54}},"type":"cond-expr","locations":[{"start":{"line":8,"column":47},"end":{"line":8,"column":50}},{"start":{"line":8,"column":53},"end":{"line":8,"column":54}}],"line":8}},"s":{"0":0,"1":0,"2":0,"3":0,"4":0,"5":0,"6":0,"7":0},"f":{"0":0,"1":0,"2":0,"3":0},"b":{"0":[0,0],"1":[0,0],"2":[0,0],"3":[0,0],"4":[0,0]}}
,"C:\\Users\\sagiv\\github clones\\react-elastic-carousel\\src\\docs\\components\\Title.js": {"path":"C:\\Users\\sagiv\\github clones\\react-elastic-carousel\\src\\docs\\components\\Title.js","statementMap":{"0":{"start":{"line":1,"column":13},"end":{"line":1,"column":75}},"1":{"start":{"line":1,"column":99},"end":{"line":1,"column":127}},"2":{"start":{"line":1,"column":153},"end":{"line":1,"column":194}},"3":{"start":{"line":1,"column":233},"end":{"line":1,"column":287}},"4":{"start":{"line":3,"column":14},"end":{"line":6,"column":1}},"5":{"start":{"line":6,"column":2},"end":{"line":8,"column":6}}},"fnMap":{"0":{"name":"_interopRequireDefault","decl":{"start":{"line":1,"column":204},"end":{"line":1,"column":226}},"loc":{"start":{"line":1,"column":232},"end":{"line":1,"column":288}},"line":1}},"branchMap":{"0":{"loc":{"start":{"line":1,"column":240},"end":{"line":1,"column":286}},"type":"cond-expr","locations":[{"start":{"line":1,"column":264},"end":{"line":1,"column":267}},{"start":{"line":1,"column":270},"end":{"line":1,"column":286}}],"line":1},"1":{"loc":{"start":{"line":1,"column":240},"end":{"line":1,"column":261}},"type":"binary-expr","locations":[{"start":{"line":1,"column":240},"end":{"line":1,"column":243}},{"start":{"line":1,"column":247},"end":{"line":1,"column":261}}],"line":1}},"s":{"0":0,"1":0,"2":0,"3":0,"4":0,"5":0},"f":{"0":0},"b":{"0":[0,0],"1":[0,0]}}
,"C:\\Users\\sagiv\\github clones\\react-elastic-carousel\\src\\docs\\components\\breakPoints.js": {"path":"C:\\Users\\sagiv\\github clones\\react-elastic-carousel\\src\\docs\\components\\breakPoints.js","statementMap":{"0":{"start":{"line":1,"column":13},"end":{"line":1,"column":75}},"1":{"start":{"line":1,"column":75},"end":{"line":7,"column":33}}},"fnMap":{},"branchMap":{},"s":{"0":0,"1":0},"f":{},"b":{}}
,"C:\\Users\\sagiv\\github clones\\react-elastic-carousel\\src\\docs\\components\\itemsCollection.js": {"path":"C:\\Users\\sagiv\\github clones\\react-elastic-carousel\\src\\docs\\components\\itemsCollection.js","statementMap":{"0":{"start":{"line":1,"column":13},"end":{"line":1,"column":75}},"1":{"start":{"line":1,"column":90},"end":{"line":1,"column":143}},"2":{"start":{"line":1,"column":144},"end":{"line":7,"column":49}},"3":{"start":{"line":3,"column":0},"end":{"line":7,"column":48}},"4":{"start":{"line":3,"column":51},"end":{"line":7,"column":46}}},"fnMap":{"0":{"name":"(anonymous_0)","decl":{"start":{"line":2,"column":0},"end":{"line":2,"column":1}},"loc":{"start":{"line":3,"column":0},"end":{"line":7,"column":48}},"line":3},"1":{"name":"(anonymous_1)","decl":{"start":{"line":3,"column":44},"end":{"line":3,"column":45}},"loc":{"start":{"line":3,"column":51},"end":{"line":7,"column":46}},"line":3}},"branchMap":{"0":{"loc":{"start":{"line":2,"column":1},"end":{"line":2,"column":16}},"type":"default-arg","locations":[{"start":{"line":2,"column":14},"end":{"line":2,"column":16}}],"line":2}},"s":{"0":0,"1":0,"2":0,"3":0,"4":0},"f":{"0":0,"1":0},"b":{"0":[0]}}
,"C:\\Users\\sagiv\\github clones\\react-elastic-carousel\\src\\react-elastic-carousel\\consts.js": {"path":"C:\\Users\\sagiv\\github clones\\react-elastic-carousel\\src\\react-elastic-carousel\\consts.js","statementMap":{},"fnMap":{},"branchMap":{},"s":{},"f":{},"b":{},"_coverageSchema":"332fd63041d2c1bcb487cc26dd0d5f7d97098a6c","hash":"7c557285abd17caac0d88380f8f666c459fe8bea"}
,"C:\\Users\\sagiv\\github clones\\react-elastic-carousel\\src\\react-elastic-carousel\\index.js": {"path":"C:\\Users\\sagiv\\github clones\\react-elastic-carousel\\src\\react-elastic-carousel\\index.js","statementMap":{"0":{"start":{"line":1,"column":13},"end":{"line":1,"column":75}},"1":{"start":{"line":1,"column":91},"end":{"line":1,"column":123}},"2":{"start":{"line":1,"column":124},"end":{"line":1,"column":258}},"3":{"start":{"line":1,"column":204},"end":{"line":1,"column":253}},"4":{"start":{"line":1,"column":272},"end":{"line":1,"column":291}},"5":{"start":{"line":1,"column":292},"end":{"line":2,"column":17}},"6":{"start":{"line":1,"column":371},"end":{"line":2,"column":12}},"7":{"start":{"line":2,"column":55},"end":{"line":2,"column":109}}},"fnMap":{"0":{"name":"(anonymous_0)","decl":{"start":{"line":1,"column":191},"end":{"line":1,"column":192}},"loc":{"start":{"line":1,"column":203},"end":{"line":1,"column":254}},"line":1},"1":{"name":"(anonymous_1)","decl":{"start":{"line":1,"column":358},"end":{"line":1,"column":359}},"loc":{"start":{"line":1,"column":370},"end":{"line":2,"column":13}},"line":1},"2":{"name":"_interopRequireDefault","decl":{"start":{"line":2,"column":26},"end":{"line":2,"column":48}},"loc":{"start":{"line":2,"column":54},"end":{"line":2,"column":110}},"line":2}},"branchMap":{"0":{"loc":{"start":{"line":2,"column":62},"end":{"line":2,"column":108}},"type":"cond-expr","locations":[{"start":{"line":2,"column":86},"end":{"line":2,"column":89}},{"start":{"line":2,"column":92},"end":{"line":2,"column":108}}],"line":2},"1":{"loc":{"start":{"line":2,"column":62},"end":{"line":2,"column":83}},"type":"binary-expr","locations":[{"start":{"line":2,"column":62},"end":{"line":2,"column":65}},{"start":{"line":2,"column":69},"end":{"line":2,"column":83}}],"line":2}},"s":{"0":0,"1":0,"2":0,"3":0,"4":0,"5":0,"6":0,"7":0},"f":{"0":0,"1":0,"2":0},"b":{"0":[0,0],"1":[0,0]}}
,"C:\\Users\\sagiv\\github clones\\react-elastic-carousel\\src\\react-elastic-carousel\\actions\\consts.js": {"path":"C:\\Users\\sagiv\\github clones\\react-elastic-carousel\\src\\react-elastic-carousel\\actions\\consts.js","statementMap":{"0":{"start":{"line":1,"column":25},"end":{"line":1,"column":36}},"1":{"start":{"line":2,"column":25},"end":{"line":2,"column":36}}},"fnMap":{},"branchMap":{},"s":{"0":2,"1":2},"f":{},"b":{},"_coverageSchema":"332fd63041d2c1bcb487cc26dd0d5f7d97098a6c","hash":"0d84e1760427068ff05d4b3848cd1e580866ee43"}
,"C:\\Users\\sagiv\\github clones\\react-elastic-carousel\\src\\react-elastic-carousel\\actions\\itemsActions.js": {"path":"C:\\Users\\sagiv\\github clones\\react-elastic-carousel\\src\\react-elastic-carousel\\actions\\itemsActions.js","statementMap":{"0":{"start":{"line":3,"column":30},"end":{"line":7,"column":2}},"1":{"start":{"line":3,"column":57},"end":{"line":7,"column":1}},"2":{"start":{"line":9,"column":30},"end":{"line":13,"column":2}},"3":{"start":{"line":9,"column":57},"end":{"line":13,"column":1}}},"fnMap":{"0":{"name":"(anonymous_0)","decl":{"start":{"line":3,"column":30},"end":{"line":3,"column":31}},"loc":{"start":{"line":3,"column":57},"end":{"line":7,"column":1}},"line":3},"1":{"name":"(anonymous_1)","decl":{"start":{"line":9,"column":30},"end":{"line":9,"column":31}},"loc":{"start":{"line":9,"column":57},"end":{"line":13,"column":1}},"line":9}},"branchMap":{},"s":{"0":2,"1":3,"2":2,"3":2},"f":{"0":3,"1":2},"b":{},"_coverageSchema":"332fd63041d2c1bcb487cc26dd0d5f7d97098a6c","hash":"67a08535724ec7b7c9a26704ec6aa12ff42dba35"}
,"C:\\Users\\sagiv\\github clones\\react-elastic-carousel\\src\\react-elastic-carousel\\components\\Arrow.js": {"path":"C:\\Users\\sagiv\\github clones\\react-elastic-carousel\\src\\react-elastic-carousel\\components\\Arrow.js","statementMap":{"0":{"start":{"line":7,"column":23},"end":{"line":12,"column":1}},"1":{"start":{"line":14,"column":23},"end":{"line":14,"column":41}},"2":{"start":{"line":16,"column":20},"end":{"line":22,"column":1}},"3":{"start":{"line":17,"column":15},"end":{"line":17,"column":17}},"4":{"start":{"line":18,"column":2},"end":{"line":20,"column":3}},"5":{"start":{"line":19,"column":4},"end":{"line":19,"column":39}},"6":{"start":{"line":21,"column":2},"end":{"line":21,"column":16}},"7":{"start":{"line":23,"column":14},"end":{"line":39,"column":1}},"8":{"start":{"line":24,"column":17},"end":{"line":24,"column":48}},"9":{"start":{"line":25,"column":19},"end":{"line":28,"column":3}},"10":{"start":{"line":29,"column":2},"end":{"line":38,"column":4}},"11":{"start":{"line":41,"column":0},"end":{"line":41,"column":20}},"12":{"start":{"line":42,"column":0},"end":{"line":42,"column":22}},"13":{"start":{"line":43,"column":0},"end":{"line":43,"column":16}},"14":{"start":{"line":44,"column":0},"end":{"line":44,"column":20}},"15":{"start":{"line":46,"column":0},"end":{"line":50,"column":2}}},"fnMap":{"0":{"name":"(anonymous_0)","decl":{"start":{"line":16,"column":20},"end":{"line":16,"column":21}},"loc":{"start":{"line":16,"column":33},"end":{"line":22,"column":1}},"line":16},"1":{"name":"(anonymous_1)","decl":{"start":{"line":23,"column":14},"end":{"line":23,"column":15}},"loc":{"start":{"line":23,"column":65},"end":{"line":39,"column":1}},"line":23}},"branchMap":{"0":{"loc":{"start":{"line":18,"column":2},"end":{"line":20,"column":3}},"type":"if","locations":[{"start":{"line":18,"column":2},"end":{"line":20,"column":3}},{"start":{"line":18,"column":2},"end":{"line":20,"column":3}}],"line":18},"1":{"loc":{"start":{"line":18,"column":6},"end":{"line":18,"column":56}},"type":"binary-expr","locations":[{"start":{"line":18,"column":6},"end":{"line":18,"column":28}},{"start":{"line":18,"column":32},"end":{"line":18,"column":56}}],"line":18}},"s":{"0":1,"1":1,"2":1,"3":6,"4":6,"5":0,"6":6,"7":1,"8":6,"9":6,"10":6,"11":1,"12":1,"13":1,"14":1,"15":1},"f":{"0":6,"1":6},"b":{"0":[0,6],"1":[6,6]},"_coverageSchema":"332fd63041d2c1bcb487cc26dd0d5f7d97098a6c","hash":"b8122f29d0c5bc6cbe8a61e48ce3cee0f6695fec"}
,"C:\\Users\\sagiv\\github clones\\react-elastic-carousel\\src\\react-elastic-carousel\\components\\Carousel.js": {"path":"C:\\Users\\sagiv\\github clones\\react-elastic-carousel\\src\\react-elastic-carousel\\components\\Carousel.js","statementMap":{"0":{"start":{"line":35,"column":4},"end":{"line":35,"column":30}},"1":{"start":{"line":36,"column":4},"end":{"line":36,"column":28}},"2":{"start":{"line":40,"column":31},"end":{"line":40,"column":41}},"3":{"start":{"line":41,"column":26},"end":{"line":41,"column":36}},"4":{"start":{"line":42,"column":21},"end":{"line":42,"column":60}},"5":{"start":{"line":45,"column":4},"end":{"line":51,"column":5}},"6":{"start":{"line":46,"column":6},"end":{"line":46,"column":28}},"7":{"start":{"line":47,"column":11},"end":{"line":51,"column":5}},"8":{"start":{"line":48,"column":6},"end":{"line":48,"column":25}},"9":{"start":{"line":49,"column":11},"end":{"line":51,"column":5}},"10":{"start":{"line":50,"column":6},"end":{"line":50,"column":28}},"11":{"start":{"line":55,"column":4},"end":{"line":55,"column":31}},"12":{"start":{"line":58,"column":19},"end":{"line":58,"column":44}},"13":{"start":{"line":58,"column":27},"end":{"line":58,"column":43}},"14":{"start":{"line":61,"column":4},"end":{"line":70,"column":7}},"15":{"start":{"line":62,"column":6},"end":{"line":69,"column":7}},"16":{"start":{"line":63,"column":8},"end":{"line":65,"column":9}},"17":{"start":{"line":64,"column":10},"end":{"line":64,"column":40}},"18":{"start":{"line":66,"column":8},"end":{"line":68,"column":9}},"19":{"start":{"line":67,"column":10},"end":{"line":67,"column":37}},"20":{"start":{"line":72,"column":4},"end":{"line":72,"column":42}},"21":{"start":{"line":73,"column":4},"end":{"line":73,"column":33}},"22":{"start":{"line":76,"column":30},"end":{"line":76,"column":50}},"23":{"start":{"line":79,"column":30},"end":{"line":79,"column":40}},"24":{"start":{"line":80,"column":4},"end":{"line":85,"column":22}},"25":{"start":{"line":81,"column":32},"end":{"line":81,"column":42}},"26":{"start":{"line":82,"column":6},"end":{"line":84,"column":7}},"27":{"start":{"line":83,"column":8},"end":{"line":83,"column":25}},"28":{"start":{"line":89,"column":4},"end":{"line":92,"column":5}},"29":{"start":{"line":90,"column":6},"end":{"line":90,"column":45}},"30":{"start":{"line":91,"column":6},"end":{"line":91,"column":37}},"31":{"start":{"line":96,"column":4},"end":{"line":96,"column":54}},"32":{"start":{"line":100,"column":4},"end":{"line":100,"column":57}},"33":{"start":{"line":104,"column":56},"end":{"line":104,"column":66}},"34":{"start":{"line":105,"column":37},"end":{"line":105,"column":47}},"35":{"start":{"line":108,"column":28},"end":{"line":108,"column":58}},"36":{"start":{"line":111,"column":4},"end":{"line":122,"column":5}},"37":{"start":{"line":112,"column":6},"end":{"line":115,"column":54}},"38":{"start":{"line":115,"column":20},"end":{"line":115,"column":52}},"39":{"start":{"line":116,"column":6},"end":{"line":121,"column":7}},"40":{"start":{"line":120,"column":8},"end":{"line":120,"column":43}},"41":{"start":{"line":123,"column":4},"end":{"line":123,"column":29}},"42":{"start":{"line":127,"column":28},"end":{"line":127,"column":38}},"43":{"start":{"line":128,"column":23},"end":{"line":128,"column":34}},"44":{"start":{"line":130,"column":30},"end":{"line":130,"column":57}},"45":{"start":{"line":131,"column":4},"end":{"line":133,"column":5}},"46":{"start":{"line":132,"column":6},"end":{"line":132,"column":51}},"47":{"start":{"line":134,"column":4},"end":{"line":134,"column":24}},"48":{"start":{"line":138,"column":30},"end":{"line":138,"column":40}},"49":{"start":{"line":139,"column":30},"end":{"line":139,"column":57}},"50":{"start":{"line":140,"column":33},"end":{"line":140,"column":46}},"51":{"start":{"line":141,"column":4},"end":{"line":143,"column":5}},"52":{"start":{"line":142,"column":6},"end":{"line":142,"column":63}},"53":{"start":{"line":144,"column":4},"end":{"line":144,"column":34}},"54":{"start":{"line":148,"column":4},"end":{"line":164,"column":7}},"55":{"start":{"line":149,"column":41},"end":{"line":149,"column":46}},"56":{"start":{"line":150,"column":53},"end":{"line":150,"column":58}},"57":{"start":{"line":151,"column":25},"end":{"line":151,"column":40}},"58":{"start":{"line":152,"column":32},"end":{"line":152,"column":59}},"59":{"start":{"line":153,"column":19},"end":{"line":153,"column":33}},"60":{"start":{"line":154,"column":25},"end":{"line":154,"column":69}},"61":{"start":{"line":155,"column":6},"end":{"line":157,"column":7}},"62":{"start":{"line":156,"column":8},"end":{"line":156,"column":45}},"63":{"start":{"line":158,"column":27},"end":{"line":158,"column":77}},"64":{"start":{"line":159,"column":27},"end":{"line":159,"column":78}},"65":{"start":{"line":160,"column":6},"end":{"line":163,"column":8}},"66":{"start":{"line":168,"column":39},"end":{"line":168,"column":49}},"67":{"start":{"line":169,"column":23},"end":{"line":169,"column":45}},"68":{"start":{"line":170,"column":22},"end":{"line":170,"column":24}},"69":{"start":{"line":171,"column":4},"end":{"line":178,"column":5}},"70":{"start":{"line":172,"column":32},"end":{"line":172,"column":59}},"71":{"start":{"line":173,"column":26},"end":{"line":173,"column":50}},"72":{"start":{"line":174,"column":6},"end":{"line":174,"column":61}},"73":{"start":{"line":175,"column":6},"end":{"line":175,"column":42}},"74":{"start":{"line":177,"column":6},"end":{"line":177,"column":36}},"75":{"start":{"line":179,"column":4},"end":{"line":179,"column":29}},"76":{"start":{"line":183,"column":39},"end":{"line":183,"column":49}},"77":{"start":{"line":184,"column":22},"end":{"line":184,"column":53}},"78":{"start":{"line":186,"column":4},"end":{"line":205,"column":7}},"79":{"start":{"line":190,"column":27},"end":{"line":190,"column":54}},"80":{"start":{"line":191,"column":25},"end":{"line":191,"column":68}},"81":{"start":{"line":192,"column":6},"end":{"line":204,"column":8}},"82":{"start":{"line":193,"column":18},"end":{"line":193,"column":32}},"83":{"start":{"line":200,"column":10},"end":{"line":200,"column":38}},"84":{"start":{"line":201,"column":36},"end":{"line":201,"column":63}},"85":{"start":{"line":202,"column":10},"end":{"line":202,"column":38}},"86":{"start":{"line":209,"column":4},"end":{"line":214,"column":7}},"87":{"start":{"line":210,"column":6},"end":{"line":213,"column":8}},"88":{"start":{"line":215,"column":4},"end":{"line":220,"column":17}},"89":{"start":{"line":216,"column":6},"end":{"line":219,"column":9}},"90":{"start":{"line":224,"column":25},"end":{"line":224,"column":35}},"91":{"start":{"line":225,"column":18},"end":{"line":225,"column":33}},"92":{"start":{"line":226,"column":4},"end":{"line":226,"column":40}},"93":{"start":{"line":230,"column":25},"end":{"line":230,"column":35}},"94":{"start":{"line":231,"column":26},"end":{"line":231,"column":49}},"95":{"start":{"line":232,"column":30},"end":{"line":232,"column":57}},"96":{"start":{"line":233,"column":18},"end":{"line":233,"column":67}},"97":{"start":{"line":234,"column":23},"end":{"line":236,"column":44}},"98":{"start":{"line":237,"column":21},"end":{"line":237,"column":63}},"99":{"start":{"line":238,"column":4},"end":{"line":238,"column":20}},"100":{"start":{"line":242,"column":25},"end":{"line":242,"column":35}},"101":{"start":{"line":243,"column":26},"end":{"line":243,"column":36}},"102":{"start":{"line":244,"column":26},"end":{"line":244,"column":67}},"103":{"start":{"line":245,"column":22},"end":{"line":245,"column":45}},"104":{"start":{"line":246,"column":18},"end":{"line":246,"column":65}},"105":{"start":{"line":247,"column":4},"end":{"line":247,"column":17}},"106":{"start":{"line":251,"column":28},"end":{"line":251,"column":38}},"107":{"start":{"line":252,"column":26},"end":{"line":252,"column":36}},"108":{"start":{"line":253,"column":24},"end":{"line":253,"column":45}},"109":{"start":{"line":254,"column":24},"end":{"line":254,"column":59}},"110":{"start":{"line":255,"column":4},"end":{"line":255,"column":42}},"111":{"start":{"line":256,"column":4},"end":{"line":256,"column":21}},"112":{"start":{"line":260,"column":28},"end":{"line":260,"column":38}},"113":{"start":{"line":261,"column":26},"end":{"line":261,"column":36}},"114":{"start":{"line":262,"column":24},"end":{"line":262,"column":49}},"115":{"start":{"line":263,"column":24},"end":{"line":263,"column":59}},"116":{"start":{"line":264,"column":4},"end":{"line":264,"column":42}},"117":{"start":{"line":265,"column":4},"end":{"line":265,"column":21}},"118":{"start":{"line":269,"column":27},"end":{"line":269,"column":37}},"119":{"start":{"line":270,"column":42},"end":{"line":270,"column":52}},"120":{"start":{"line":271,"column":21},"end":{"line":271,"column":60}},"121":{"start":{"line":272,"column":4},"end":{"line":276,"column":5}},"122":{"start":{"line":273,"column":6},"end":{"line":273,"column":26}},"123":{"start":{"line":274,"column":11},"end":{"line":276,"column":5}},"124":{"start":{"line":275,"column":6},"end":{"line":275,"column":49}},"125":{"start":{"line":280,"column":26},"end":{"line":280,"column":36}},"126":{"start":{"line":281,"column":27},"end":{"line":281,"column":37}},"127":{"start":{"line":282,"column":21},"end":{"line":282,"column":59}},"128":{"start":{"line":283,"column":4},"end":{"line":287,"column":5}},"129":{"start":{"line":284,"column":6},"end":{"line":284,"column":26}},"130":{"start":{"line":285,"column":11},"end":{"line":287,"column":5}},"131":{"start":{"line":286,"column":6},"end":{"line":286,"column":37}},"132":{"start":{"line":291,"column":26},"end":{"line":291,"column":36}},"133":{"start":{"line":292,"column":26},"end":{"line":292,"column":36}},"134":{"start":{"line":293,"column":24},"end":{"line":293,"column":59}},"135":{"start":{"line":294,"column":4},"end":{"line":294,"column":52}},"136":{"start":{"line":295,"column":4},"end":{"line":295,"column":44}},"137":{"start":{"line":296,"column":4},"end":{"line":296,"column":27}},"138":{"start":{"line":300,"column":26},"end":{"line":300,"column":36}},"139":{"start":{"line":301,"column":26},"end":{"line":301,"column":36}},"140":{"start":{"line":302,"column":24},"end":{"line":302,"column":59}},"141":{"start":{"line":303,"column":4},"end":{"line":303,"column":52}},"142":{"start":{"line":304,"column":4},"end":{"line":304,"column":44}},"143":{"start":{"line":305,"column":4},"end":{"line":305,"column":27}},"144":{"start":{"line":313,"column":7},"end":{"line":330,"column":3}},"145":{"start":{"line":314,"column":67},"end":{"line":314,"column":72}},"146":{"start":{"line":315,"column":28},"end":{"line":315,"column":29}},"147":{"start":{"line":316,"column":22},"end":{"line":316,"column":61}},"148":{"start":{"line":317,"column":4},"end":{"line":321,"column":5}},"149":{"start":{"line":318,"column":6},"end":{"line":318,"column":80}},"150":{"start":{"line":320,"column":6},"end":{"line":320,"column":80}},"151":{"start":{"line":323,"column":4},"end":{"line":329,"column":6}},"152":{"start":{"line":333,"column":39},"end":{"line":333,"column":49}},"153":{"start":{"line":334,"column":26},"end":{"line":334,"column":36}},"154":{"start":{"line":335,"column":19},"end":{"line":335,"column":41}},"155":{"start":{"line":336,"column":30},"end":{"line":336,"column":70}},"156":{"start":{"line":337,"column":24},"end":{"line":337,"column":51}},"157":{"start":{"line":338,"column":21},"end":{"line":338,"column":52}},"158":{"start":{"line":339,"column":25},"end":{"line":339,"column":68}},"159":{"start":{"line":340,"column":4},"end":{"line":342,"column":5}},"160":{"start":{"line":341,"column":6},"end":{"line":341,"column":13}},"161":{"start":{"line":343,"column":4},"end":{"line":345,"column":5}},"162":{"start":{"line":344,"column":6},"end":{"line":344,"column":49}},"163":{"start":{"line":346,"column":20},"end":{"line":346,"column":31}},"164":{"start":{"line":347,"column":24},"end":{"line":347,"column":38}},"165":{"start":{"line":348,"column":4},"end":{"line":351,"column":5}},"166":{"start":{"line":349,"column":6},"end":{"line":349,"column":30}},"167":{"start":{"line":350,"column":6},"end":{"line":350,"column":37}},"168":{"start":{"line":352,"column":25},"end":{"line":359,"column":5}},"169":{"start":{"line":360,"column":4},"end":{"line":366,"column":7}},"170":{"start":{"line":362,"column":6},"end":{"line":365,"column":8}},"171":{"start":{"line":370,"column":25},"end":{"line":370,"column":35}},"172":{"start":{"line":371,"column":30},"end":{"line":371,"column":57}},"173":{"start":{"line":372,"column":23},"end":{"line":372,"column":69}},"174":{"start":{"line":373,"column":4},"end":{"line":373,"column":27}},"175":{"start":{"line":377,"column":4},"end":{"line":384,"column":7}},"176":{"start":{"line":378,"column":40},"end":{"line":378,"column":45}},"177":{"start":{"line":379,"column":32},"end":{"line":379,"column":59}},"178":{"start":{"line":380,"column":28},"end":{"line":380,"column":68}},"179":{"start":{"line":381,"column":6},"end":{"line":383,"column":7}},"180":{"start":{"line":382,"column":8},"end":{"line":382,"column":45}},"181":{"start":{"line":388,"column":30},"end":{"line":388,"column":57}},"182":{"start":{"line":389,"column":22},"end":{"line":389,"column":53}},"183":{"start":{"line":390,"column":4},"end":{"line":390,"column":47}},"184":{"start":{"line":391,"column":4},"end":{"line":391,"column":25}},"185":{"start":{"line":402,"column":8},"end":{"line":402,"column":18}},"186":{"start":{"line":421,"column":8},"end":{"line":421,"column":18}},"187":{"start":{"line":422,"column":25},"end":{"line":422,"column":68}},"188":{"start":{"line":423,"column":26},"end":{"line":423,"column":69}},"189":{"start":{"line":424,"column":23},"end":{"line":424,"column":39}},"190":{"start":{"line":425,"column":25},"end":{"line":425,"column":41}},"191":{"start":{"line":426,"column":23},"end":{"line":426,"column":43}},"192":{"start":{"line":428,"column":4},"end":{"line":503,"column":6}},"193":{"start":{"line":507,"column":0},"end":{"line":535,"column":2}},"194":{"start":{"line":537,"column":0},"end":{"line":642,"column":2}}},"fnMap":{"0":{"name":"(anonymous_0)","decl":{"start":{"line":34,"column":2},"end":{"line":34,"column":3}},"loc":{"start":{"line":34,"column":22},"end":{"line":37,"column":3}},"line":34},"1":{"name":"(anonymous_1)","decl":{"start":{"line":39,"column":2},"end":{"line":39,"column":3}},"loc":{"start":{"line":39,"column":43},"end":{"line":52,"column":3}},"line":39},"2":{"name":"(anonymous_2)","decl":{"start":{"line":54,"column":2},"end":{"line":54,"column":3}},"loc":{"start":{"line":54,"column":25},"end":{"line":56,"column":3}},"line":54},"3":{"name":"(anonymous_3)","decl":{"start":{"line":58,"column":11},"end":{"line":58,"column":12}},"loc":{"start":{"line":58,"column":19},"end":{"line":58,"column":44}},"line":58},"4":{"name":"(anonymous_4)","decl":{"start":{"line":58,"column":19},"end":{"line":58,"column":20}},"loc":{"start":{"line":58,"column":27},"end":{"line":58,"column":43}},"line":58},"5":{"name":"(anonymous_5)","decl":{"start":{"line":60,"column":23},"end":{"line":60,"column":24}},"loc":{"start":{"line":60,"column":29},"end":{"line":74,"column":3}},"line":60},"6":{"name":"(anonymous_6)","decl":{"start":{"line":61,"column":33},"end":{"line":61,"column":34}},"loc":{"start":{"line":61,"column":56},"end":{"line":70,"column":5}},"line":61},"7":{"name":"(anonymous_7)","decl":{"start":{"line":76,"column":24},"end":{"line":76,"column":25}},"loc":{"start":{"line":76,"column":30},"end":{"line":76,"column":50}},"line":76},"8":{"name":"(anonymous_8)","decl":{"start":{"line":78,"column":16},"end":{"line":78,"column":17}},"loc":{"start":{"line":78,"column":22},"end":{"line":86,"column":3}},"line":78},"9":{"name":"(anonymous_9)","decl":{"start":{"line":80,"column":42},"end":{"line":80,"column":43}},"loc":{"start":{"line":80,"column":48},"end":{"line":85,"column":5}},"line":80},"10":{"name":"(anonymous_10)","decl":{"start":{"line":88,"column":19},"end":{"line":88,"column":20}},"loc":{"start":{"line":88,"column":25},"end":{"line":93,"column":3}},"line":88},"11":{"name":"(anonymous_11)","decl":{"start":{"line":95,"column":26},"end":{"line":95,"column":27}},"loc":{"start":{"line":95,"column":32},"end":{"line":97,"column":3}},"line":95},"12":{"name":"(anonymous_12)","decl":{"start":{"line":99,"column":31},"end":{"line":99,"column":32}},"loc":{"start":{"line":99,"column":37},"end":{"line":101,"column":3}},"line":99},"13":{"name":"(anonymous_13)","decl":{"start":{"line":103,"column":25},"end":{"line":103,"column":26}},"loc":{"start":{"line":103,"column":31},"end":{"line":124,"column":3}},"line":103},"14":{"name":"(anonymous_14)","decl":{"start":{"line":115,"column":14},"end":{"line":115,"column":15}},"loc":{"start":{"line":115,"column":20},"end":{"line":115,"column":52}},"line":115},"15":{"name":"(anonymous_15)","decl":{"start":{"line":126,"column":25},"end":{"line":126,"column":26}},"loc":{"start":{"line":126,"column":31},"end":{"line":135,"column":3}},"line":126},"16":{"name":"(anonymous_16)","decl":{"start":{"line":137,"column":21},"end":{"line":137,"column":22}},"loc":{"start":{"line":137,"column":27},"end":{"line":145,"column":3}},"line":137},"17":{"name":"(anonymous_17)","decl":{"start":{"line":147,"column":25},"end":{"line":147,"column":26}},"loc":{"start":{"line":147,"column":31},"end":{"line":165,"column":3}},"line":147},"18":{"name":"(anonymous_18)","decl":{"start":{"line":148,"column":18},"end":{"line":148,"column":19}},"loc":{"start":{"line":148,"column":36},"end":{"line":164,"column":5}},"line":148},"19":{"name":"(anonymous_19)","decl":{"start":{"line":167,"column":19},"end":{"line":167,"column":20}},"loc":{"start":{"line":167,"column":33},"end":{"line":180,"column":3}},"line":167},"20":{"name":"(anonymous_20)","decl":{"start":{"line":182,"column":22},"end":{"line":182,"column":23}},"loc":{"start":{"line":182,"column":45},"end":{"line":206,"column":3}},"line":182},"21":{"name":"(anonymous_21)","decl":{"start":{"line":186,"column":51},"end":{"line":186,"column":52}},"loc":{"start":{"line":186,"column":57},"end":{"line":205,"column":5}},"line":186},"22":{"name":"(anonymous_22)","decl":{"start":{"line":193,"column":8},"end":{"line":193,"column":9}},"loc":{"start":{"line":193,"column":18},"end":{"line":193,"column":32}},"line":193},"23":{"name":"(anonymous_23)","decl":{"start":{"line":194,"column":8},"end":{"line":194,"column":9}},"loc":{"start":{"line":194,"column":14},"end":{"line":203,"column":9}},"line":194},"24":{"name":"(anonymous_24)","decl":{"start":{"line":208,"column":17},"end":{"line":208,"column":18}},"loc":{"start":{"line":208,"column":62},"end":{"line":221,"column":3}},"line":208},"25":{"name":"(anonymous_25)","decl":{"start":{"line":209,"column":18},"end":{"line":209,"column":19}},"loc":{"start":{"line":209,"column":27},"end":{"line":214,"column":5}},"line":209},"26":{"name":"(anonymous_26)","decl":{"start":{"line":215,"column":15},"end":{"line":215,"column":16}},"loc":{"start":{"line":215,"column":21},"end":{"line":220,"column":5}},"line":215},"27":{"name":"(anonymous_27)","decl":{"start":{"line":223,"column":24},"end":{"line":223,"column":25}},"loc":{"start":{"line":223,"column":33},"end":{"line":227,"column":3}},"line":223},"28":{"name":"(anonymous_28)","decl":{"start":{"line":229,"column":21},"end":{"line":229,"column":22}},"loc":{"start":{"line":229,"column":48},"end":{"line":239,"column":3}},"line":229},"29":{"name":"(anonymous_29)","decl":{"start":{"line":241,"column":19},"end":{"line":241,"column":20}},"loc":{"start":{"line":241,"column":30},"end":{"line":248,"column":3}},"line":241},"30":{"name":"(anonymous_30)","decl":{"start":{"line":250,"column":16},"end":{"line":250,"column":17}},"loc":{"start":{"line":250,"column":22},"end":{"line":257,"column":3}},"line":250},"31":{"name":"(anonymous_31)","decl":{"start":{"line":259,"column":16},"end":{"line":259,"column":17}},"loc":{"start":{"line":259,"column":22},"end":{"line":266,"column":3}},"line":259},"32":{"name":"(anonymous_32)","decl":{"start":{"line":268,"column":14},"end":{"line":268,"column":15}},"loc":{"start":{"line":268,"column":20},"end":{"line":277,"column":3}},"line":268},"33":{"name":"(anonymous_33)","decl":{"start":{"line":279,"column":14},"end":{"line":279,"column":15}},"loc":{"start":{"line":279,"column":20},"end":{"line":288,"column":3}},"line":279},"34":{"name":"(anonymous_34)","decl":{"start":{"line":290,"column":14},"end":{"line":290,"column":15}},"loc":{"start":{"line":290,"column":20},"end":{"line":297,"column":3}},"line":290},"35":{"name":"(anonymous_35)","decl":{"start":{"line":299,"column":14},"end":{"line":299,"column":15}},"loc":{"start":{"line":299,"column":20},"end":{"line":306,"column":3}},"line":299},"36":{"name":"(anonymous_36)","decl":{"start":{"line":308,"column":28},"end":{"line":308,"column":29}},"loc":{"start":{"line":313,"column":7},"end":{"line":330,"column":3}},"line":313},"37":{"name":"(anonymous_37)","decl":{"start":{"line":313,"column":7},"end":{"line":313,"column":8}},"loc":{"start":{"line":313,"column":16},"end":{"line":330,"column":3}},"line":313},"38":{"name":"(anonymous_38)","decl":{"start":{"line":332,"column":9},"end":{"line":332,"column":10}},"loc":{"start":{"line":332,"column":23},"end":{"line":367,"column":3}},"line":332},"39":{"name":"(anonymous_39)","decl":{"start":{"line":360,"column":32},"end":{"line":360,"column":33}},"loc":{"start":{"line":360,"column":38},"end":{"line":366,"column":5}},"line":360},"40":{"name":"(anonymous_40)","decl":{"start":{"line":369,"column":18},"end":{"line":369,"column":19}},"loc":{"start":{"line":369,"column":24},"end":{"line":374,"column":3}},"line":369},"41":{"name":"(anonymous_41)","decl":{"start":{"line":376,"column":21},"end":{"line":376,"column":22}},"loc":{"start":{"line":376,"column":27},"end":{"line":385,"column":3}},"line":376},"42":{"name":"(anonymous_42)","decl":{"start":{"line":377,"column":18},"end":{"line":377,"column":19}},"loc":{"start":{"line":377,"column":27},"end":{"line":384,"column":5}},"line":377},"43":{"name":"(anonymous_43)","decl":{"start":{"line":387,"column":21},"end":{"line":387,"column":22}},"loc":{"start":{"line":387,"column":36},"end":{"line":392,"column":3}},"line":387},"44":{"name":"(anonymous_44)","decl":{"start":{"line":394,"column":2},"end":{"line":394,"column":3}},"loc":{"start":{"line":394,"column":11},"end":{"line":504,"column":3}},"line":394}},"branchMap":{"0":{"loc":{"start":{"line":45,"column":4},"end":{"line":51,"column":5}},"type":"if","locations":[{"start":{"line":45,"column":4},"end":{"line":51,"column":5}},{"start":{"line":45,"column":4},"end":{"line":51,"column":5}}],"line":45},"1":{"loc":{"start":{"line":47,"column":11},"end":{"line":51,"column":5}},"type":"if","locations":[{"start":{"line":47,"column":11},"end":{"line":51,"column":5}},{"start":{"line":47,"column":11},"end":{"line":51,"column":5}}],"line":47},"2":{"loc":{"start":{"line":47,"column":15},"end":{"line":47,"column":57}},"type":"binary-expr","locations":[{"start":{"line":47,"column":15},"end":{"line":47,"column":29}},{"start":{"line":47,"column":33},"end":{"line":47,"column":57}}],"line":47},"3":{"loc":{"start":{"line":49,"column":11},"end":{"line":51,"column":5}},"type":"if","locations":[{"start":{"line":49,"column":11},"end":{"line":51,"column":5}},{"start":{"line":49,"column":11},"end":{"line":51,"column":5}}],"line":49},"4":{"loc":{"start":{"line":49,"column":15},"end":{"line":49,"column":57}},"type":"binary-expr","locations":[{"start":{"line":49,"column":15},"end":{"line":49,"column":30}},{"start":{"line":49,"column":34},"end":{"line":49,"column":57}}],"line":49},"5":{"loc":{"start":{"line":63,"column":8},"end":{"line":65,"column":9}},"type":"if","locations":[{"start":{"line":63,"column":8},"end":{"line":65,"column":9}},{"start":{"line":63,"column":8},"end":{"line":65,"column":9}}],"line":63},"6":{"loc":{"start":{"line":66,"column":8},"end":{"line":68,"column":9}},"type":"if","locations":[{"start":{"line":66,"column":8},"end":{"line":68,"column":9}},{"start":{"line":66,"column":8},"end":{"line":68,"column":9}}],"line":66},"7":{"loc":{"start":{"line":82,"column":6},"end":{"line":84,"column":7}},"type":"if","locations":[{"start":{"line":82,"column":6},"end":{"line":84,"column":7}},{"start":{"line":82,"column":6},"end":{"line":84,"column":7}}],"line":82},"8":{"loc":{"start":{"line":89,"column":4},"end":{"line":92,"column":5}},"type":"if","locations":[{"start":{"line":89,"column":4},"end":{"line":92,"column":5}},{"start":{"line":89,"column":4},"end":{"line":92,"column":5}}],"line":89},"9":{"loc":{"start":{"line":111,"column":4},"end":{"line":122,"column":5}},"type":"if","locations":[{"start":{"line":111,"column":4},"end":{"line":122,"column":5}},{"start":{"line":111,"column":4},"end":{"line":122,"column":5}}],"line":111},"10":{"loc":{"start":{"line":111,"column":8},"end":{"line":111,"column":45}},"type":"binary-expr","locations":[{"start":{"line":111,"column":8},"end":{"line":111,"column":19}},{"start":{"line":111,"column":23},"end":{"line":111,"column":45}}],"line":111},"11":{"loc":{"start":{"line":116,"column":6},"end":{"line":121,"column":7}},"type":"if","locations":[{"start":{"line":116,"column":6},"end":{"line":121,"column":7}},{"start":{"line":116,"column":6},"end":{"line":121,"column":7}}],"line":116},"12":{"loc":{"start":{"line":131,"column":4},"end":{"line":133,"column":5}},"type":"if","locations":[{"start":{"line":131,"column":4},"end":{"line":133,"column":5}},{"start":{"line":131,"column":4},"end":{"line":133,"column":5}}],"line":131},"13":{"loc":{"start":{"line":141,"column":4},"end":{"line":143,"column":5}},"type":"if","locations":[{"start":{"line":141,"column":4},"end":{"line":143,"column":5}},{"start":{"line":141,"column":4},"end":{"line":143,"column":5}}],"line":141},"14":{"loc":{"start":{"line":141,"column":8},"end":{"line":141,"column":60}},"type":"binary-expr","locations":[{"start":{"line":141,"column":8},"end":{"line":141,"column":25}},{"start":{"line":141,"column":29},"end":{"line":141,"column":60}}],"line":141},"15":{"loc":{"start":{"line":155,"column":6},"end":{"line":157,"column":7}},"type":"if","locations":[{"start":{"line":155,"column":6},"end":{"line":157,"column":7}},{"start":{"line":155,"column":6},"end":{"line":157,"column":7}}],"line":155},"16":{"loc":{"start":{"line":158,"column":28},"end":{"line":158,"column":67}},"type":"cond-expr","locations":[{"start":{"line":158,"column":43},"end":{"line":158,"column":54}},{"start":{"line":158,"column":57},"end":{"line":158,"column":67}}],"line":158},"17":{"loc":{"start":{"line":159,"column":27},"end":{"line":159,"column":78}},"type":"cond-expr","locations":[{"start":{"line":159,"column":44},"end":{"line":159,"column":66}},{"start":{"line":159,"column":69},"end":{"line":159,"column":78}}],"line":159},"18":{"loc":{"start":{"line":171,"column":4},"end":{"line":178,"column":5}},"type":"if","locations":[{"start":{"line":171,"column":4},"end":{"line":178,"column":5}},{"start":{"line":171,"column":4},"end":{"line":178,"column":5}}],"line":171},"19":{"loc":{"start":{"line":191,"column":25},"end":{"line":191,"column":68}},"type":"cond-expr","locations":[{"start":{"line":191,"column":40},"end":{"line":191,"column":45}},{"start":{"line":191,"column":48},"end":{"line":191,"column":68}}],"line":191},"20":{"loc":{"start":{"line":208,"column":28},"end":{"line":208,"column":41}},"type":"default-arg","locations":[{"start":{"line":208,"column":39},"end":{"line":208,"column":41}}],"line":208},"21":{"loc":{"start":{"line":208,"column":43},"end":{"line":208,"column":57}},"type":"default-arg","locations":[{"start":{"line":208,"column":54},"end":{"line":208,"column":57}}],"line":208},"22":{"loc":{"start":{"line":233,"column":18},"end":{"line":233,"column":67}},"type":"cond-expr","locations":[{"start":{"line":233,"column":28},"end":{"line":233,"column":29}},{"start":{"line":233,"column":32},"end":{"line":233,"column":67}}],"line":233},"23":{"loc":{"start":{"line":234,"column":23},"end":{"line":236,"column":44}},"type":"cond-expr","locations":[{"start":{"line":235,"column":8},"end":{"line":235,"column":40}},{"start":{"line":236,"column":8},"end":{"line":236,"column":44}}],"line":234},"24":{"loc":{"start":{"line":272,"column":4},"end":{"line":276,"column":5}},"type":"if","locations":[{"start":{"line":272,"column":4},"end":{"line":276,"column":5}},{"start":{"line":272,"column":4},"end":{"line":276,"column":5}}],"line":272},"25":{"loc":{"start":{"line":274,"column":11},"end":{"line":276,"column":5}},"type":"if","locations":[{"start":{"line":274,"column":11},"end":{"line":276,"column":5}},{"start":{"line":274,"column":11},"end":{"line":276,"column":5}}],"line":274},"26":{"loc":{"start":{"line":283,"column":4},"end":{"line":287,"column":5}},"type":"if","locations":[{"start":{"line":283,"column":4},"end":{"line":287,"column":5}},{"start":{"line":283,"column":4},"end":{"line":287,"column":5}}],"line":283},"27":{"loc":{"start":{"line":285,"column":11},"end":{"line":287,"column":5}},"type":"if","locations":[{"start":{"line":285,"column":11},"end":{"line":287,"column":5}},{"start":{"line":285,"column":11},"end":{"line":287,"column":5}}],"line":285},"28":{"loc":{"start":{"line":316,"column":22},"end":{"line":316,"column":61}},"type":"cond-expr","locations":[{"start":{"line":316,"column":37},"end":{"line":316,"column":48}},{"start":{"line":316,"column":51},"end":{"line":316,"column":61}}],"line":316},"29":{"loc":{"start":{"line":317,"column":4},"end":{"line":321,"column":5}},"type":"if","locations":[{"start":{"line":317,"column":4},"end":{"line":321,"column":5}},{"start":{"line":317,"column":4},"end":{"line":321,"column":5}}],"line":317},"30":{"loc":{"start":{"line":340,"column":4},"end":{"line":342,"column":5}},"type":"if","locations":[{"start":{"line":340,"column":4},"end":{"line":342,"column":5}},{"start":{"line":340,"column":4},"end":{"line":342,"column":5}}],"line":340},"31":{"loc":{"start":{"line":343,"column":4},"end":{"line":345,"column":5}},"type":"if","locations":[{"start":{"line":343,"column":4},"end":{"line":345,"column":5}},{"start":{"line":343,"column":4},"end":{"line":345,"column":5}}],"line":343},"32":{"loc":{"start":{"line":348,"column":4},"end":{"line":351,"column":5}},"type":"if","locations":[{"start":{"line":348,"column":4},"end":{"line":351,"column":5}},{"start":{"line":348,"column":4},"end":{"line":351,"column":5}}],"line":348},"33":{"loc":{"start":{"line":373,"column":11},"end":{"line":373,"column":26}},"type":"binary-expr","locations":[{"start":{"line":373,"column":11},"end":{"line":373,"column":21}},{"start":{"line":373,"column":25},"end":{"line":373,"column":26}}],"line":373},"34":{"loc":{"start":{"line":381,"column":6},"end":{"line":383,"column":7}},"type":"if","locations":[{"start":{"line":381,"column":6},"end":{"line":383,"column":7}},{"start":{"line":381,"column":6},"end":{"line":383,"column":7}}],"line":381},"35":{"loc":{"start":{"line":422,"column":25},"end":{"line":422,"column":68}},"type":"cond-expr","locations":[{"start":{"line":422,"column":33},"end":{"line":422,"column":49}},{"start":{"line":422,"column":52},"end":{"line":422,"column":68}}],"line":422},"36":{"loc":{"start":{"line":423,"column":26},"end":{"line":423,"column":69}},"type":"cond-expr","locations":[{"start":{"line":423,"column":34},"end":{"line":423,"column":50}},{"start":{"line":423,"column":53},"end":{"line":423,"column":69}}],"line":423},"37":{"loc":{"start":{"line":436,"column":13},"end":{"line":443,"column":13}},"type":"cond-expr","locations":[{"start":{"line":437,"column":14},"end":{"line":437,"column":75}},{"start":{"line":439,"column":14},"end":{"line":442,"column":16}}],"line":436},"38":{"loc":{"start":{"line":441,"column":27},"end":{"line":441,"column":63}},"type":"cond-expr","locations":[{"start":{"line":441,"column":42},"end":{"line":441,"column":50}},{"start":{"line":441,"column":53},"end":{"line":441,"column":63}}],"line":441},"39":{"loc":{"start":{"line":472,"column":29},"end":{"line":472,"column":66}},"type":"cond-expr","locations":[{"start":{"line":472,"column":45},"end":{"line":472,"column":54}},{"start":{"line":472,"column":57},"end":{"line":472,"column":66}}],"line":472},"40":{"loc":{"start":{"line":477,"column":13},"end":{"line":484,"column":13}},"type":"cond-expr","locations":[{"start":{"line":478,"column":14},"end":{"line":478,"column":75}},{"start":{"line":480,"column":14},"end":{"line":483,"column":16}}],"line":477},"41":{"loc":{"start":{"line":482,"column":27},"end":{"line":482,"column":66}},"type":"cond-expr","locations":[{"start":{"line":482,"column":42},"end":{"line":482,"column":52}},{"start":{"line":482,"column":55},"end":{"line":482,"column":66}}],"line":482},"42":{"loc":{"start":{"line":488,"column":11},"end":{"line":500,"column":11}},"type":"cond-expr","locations":[{"start":{"line":489,"column":12},"end":{"line":493,"column":14}},{"start":{"line":495,"column":12},"end":{"line":499,"column":14}}],"line":488}},"s":{"0":5,"1":5,"2":0,"3":0,"4":0,"5":0,"6":0,"7":0,"8":0,"9":0,"10":0,"11":0,"12":10,"13":6,"14":5,"15":0,"16":0,"17":0,"18":0,"19":0,"20":5,"21":5,"22":0,"23":0,"24":0,"25":0,"26":0,"27":0,"28":0,"29":0,"30":0,"31":0,"32":0,"33":10,"34":10,"35":10,"36":10,"37":0,"38":0,"39":0,"40":0,"41":10,"42":10,"43":10,"44":10,"45":10,"46":10,"47":10,"48":0,"49":0,"50":0,"51":0,"52":0,"53":0,"54":0,"55":0,"56":0,"57":0,"58":0,"59":0,"60":0,"61":0,"62":0,"63":0,"64":0,"65":0,"66":0,"67":0,"68":0,"69":0,"70":0,"71":0,"72":0,"73":0,"74":0,"75":0,"76":0,"77":0,"78":0,"79":0,"80":0,"81":0,"82":0,"83":0,"84":0,"85":0,"86":0,"87":0,"88":0,"89":0,"90":0,"91":0,"92":0,"93":0,"94":0,"95":0,"96":0,"97":0,"98":0,"99":0,"100":0,"101":0,"102":0,"103":0,"104":0,"105":0,"106":0,"107":0,"108":0,"109":0,"110":0,"111":0,"112":0,"113":0,"114":0,"115":0,"116":0,"117":0,"118":0,"119":0,"120":0,"121":0,"122":0,"123":0,"124":0,"125":0,"126":0,"127":0,"128":0,"129":0,"130":0,"131":0,"132":0,"133":0,"134":0,"135":0,"136":0,"137":0,"138":0,"139":0,"140":0,"141":0,"142":0,"143":0,"144":0,"145":0,"146":0,"147":0,"148":0,"149":0,"150":0,"151":0,"152":0,"153":0,"154":0,"155":0,"156":0,"157":0,"158":0,"159":0,"160":0,"161":0,"162":0,"163":0,"164":0,"165":0,"166":0,"167":0,"168":0,"169":0,"170":0,"171":5,"172":5,"173":5,"174":5,"175":5,"176":5,"177":5,"178":5,"179":5,"180":0,"181":0,"182":0,"183":0,"184":0,"185":5,"186":5,"187":5,"188":5,"189":5,"190":5,"191":5,"192":5,"193":1,"194":1},"f":{"0":5,"1":0,"2":0,"3":10,"4":6,"5":5,"6":0,"7":0,"8":0,"9":0,"10":0,"11":0,"12":0,"13":10,"14":0,"15":10,"16":0,"17":0,"18":0,"19":0,"20":0,"21":0,"22":0,"23":0,"24":0,"25":0,"26":0,"27":0,"28":0,"29":0,"30":0,"31":0,"32":0,"33":0,"34":0,"35":0,"36":0,"37":0,"38":0,"39":0,"40":5,"41":5,"42":5,"43":0,"44":5},"b":{"0":[0,0],"1":[0,0],"2":[0,0],"3":[0,0],"4":[0,0],"5":[0,0],"6":[0,0],"7":[0,0],"8":[0,0],"9":[0,10],"10":[10,0],"11":[0,0],"12":[10,0],"13":[0,0],"14":[0,0],"15":[0,0],"16":[0,0],"17":[0,0],"18":[0,0],"19":[0,0],"20":[0],"21":[0],"22":[0,0],"23":[0,0],"24":[0,0],"25":[0,0],"26":[0,0],"27":[0,0],"28":[0,0],"29":[0,0],"30":[0,0],"31":[0,0],"32":[0,0],"33":[5,0],"34":[0,5],"35":[1,4],"36":[1,4],"37":[0,5],"38":[0,5],"39":[0,5],"40":[0,5],"41":[0,5],"42":[0,5]},"_coverageSchema":"332fd63041d2c1bcb487cc26dd0d5f7d97098a6c","hash":"a16371929c91ed20791032a521e2a77acd999853"}
,"C:\\Users\\sagiv\\github clones\\react-elastic-carousel\\src\\react-elastic-carousel\\components\\ItemWrapperContainer.js": {"path":"C:\\Users\\sagiv\\github clones\\react-elastic-carousel\\src\\react-elastic-carousel\\components\\ItemWrapperContainer.js","statementMap":{"0":{"start":{"line":9,"column":28},"end":{"line":9,"column":38}},"1":{"start":{"line":10,"column":4},"end":{"line":10,"column":16}},"2":{"start":{"line":13,"column":43},"end":{"line":13,"column":53}},"3":{"start":{"line":14,"column":4},"end":{"line":23,"column":6}},"4":{"start":{"line":27,"column":0},"end":{"line":31,"column":2}},"5":{"start":{"line":33,"column":0},"end":{"line":39,"column":2}}},"fnMap":{"0":{"name":"(anonymous_0)","decl":{"start":{"line":8,"column":12},"end":{"line":8,"column":13}},"loc":{"start":{"line":8,"column":18},"end":{"line":11,"column":3}},"line":8},"1":{"name":"(anonymous_1)","decl":{"start":{"line":12,"column":2},"end":{"line":12,"column":3}},"loc":{"start":{"line":12,"column":11},"end":{"line":24,"column":3}},"line":12}},"branchMap":{},"s":{"0":0,"1":0,"2":15,"3":15,"4":1,"5":1},"f":{"0":0,"1":15},"b":{},"_coverageSchema":"332fd63041d2c1bcb487cc26dd0d5f7d97098a6c","hash":"9b33d3b2fe9bbeb278ea9081099bac2e9880bcd4"}
,"C:\\Users\\sagiv\\github clones\\react-elastic-carousel\\src\\react-elastic-carousel\\components\\Track.js": {"path":"C:\\Users\\sagiv\\github clones\\react-elastic-carousel\\src\\react-elastic-carousel\\components\\Track.js","statementMap":{"0":{"start":{"line":7,"column":14},"end":{"line":53,"column":1}},"1":{"start":{"line":20,"column":16},"end":{"line":20,"column":33}},"2":{"start":{"line":21,"column":23},"end":{"line":21,"column":53}},"3":{"start":{"line":22,"column":25},"end":{"line":51,"column":4}},"4":{"start":{"line":24,"column":6},"end":{"line":31,"column":8}},"5":{"start":{"line":33,"column":4},"end":{"line":50,"column":5}},"6":{"start":{"line":34,"column":6},"end":{"line":47,"column":8}},"7":{"start":{"line":49,"column":6},"end":{"line":49,"column":18}},"8":{"start":{"line":52,"column":2},"end":{"line":52,"column":61}},"9":{"start":{"line":55,"column":0},"end":{"line":67,"column":2}}},"fnMap":{"0":{"name":"(anonymous_0)","decl":{"start":{"line":7,"column":14},"end":{"line":7,"column":15}},"loc":{"start":{"line":19,"column":6},"end":{"line":53,"column":1}},"line":19},"1":{"name":"(anonymous_1)","decl":{"start":{"line":22,"column":54},"end":{"line":22,"column":55}},"loc":{"start":{"line":22,"column":70},"end":{"line":51,"column":3}},"line":22}},"branchMap":{"0":{"loc":{"start":{"line":33,"column":4},"end":{"line":50,"column":5}},"type":"if","locations":[{"start":{"line":33,"column":4},"end":{"line":50,"column":5}},{"start":{"line":33,"column":4},"end":{"line":50,"column":5}}],"line":33}},"s":{"0":1,"1":3,"2":3,"3":3,"4":15,"5":15,"6":15,"7":0,"8":3,"9":1},"f":{"0":3,"1":15},"b":{"0":[15,0]},"_coverageSchema":"332fd63041d2c1bcb487cc26dd0d5f7d97098a6c","hash":"4d191c78cab16e74309f408b12c454b6bbe16e4c"}
,"C:\\Users\\sagiv\\github clones\\react-elastic-carousel\\src\\react-elastic-carousel\\components\\Pagination\\Dot.js": {"path":"C:\\Users\\sagiv\\github clones\\react-elastic-carousel\\src\\react-elastic-carousel\\components\\Pagination\\Dot.js","statementMap":{"0":{"start":{"line":6,"column":18},"end":{"line":6,"column":50}},"1":{"start":{"line":7,"column":24},"end":{"line":7,"column":56}},"2":{"start":{"line":8,"column":25},"end":{"line":8,"column":58}},"3":{"start":{"line":10,"column":12},"end":{"line":26,"column":1}},"4":{"start":{"line":14,"column":4},"end":{"line":14,"column":50}},"5":{"start":{"line":19,"column":33},"end":{"line":19,"column":69}},"6":{"start":{"line":24,"column":6},"end":{"line":24,"column":49}},"7":{"start":{"line":30,"column":28},"end":{"line":30,"column":38}},"8":{"start":{"line":31,"column":4},"end":{"line":31,"column":16}},"9":{"start":{"line":34,"column":27},"end":{"line":34,"column":37}},"10":{"start":{"line":35,"column":4},"end":{"line":42,"column":6}},"11":{"start":{"line":46,"column":0},"end":{"line":50,"column":2}}},"fnMap":{"0":{"name":"(anonymous_0)","decl":{"start":{"line":13,"column":22},"end":{"line":13,"column":23}},"loc":{"start":{"line":14,"column":4},"end":{"line":14,"column":50}},"line":14},"1":{"name":"(anonymous_1)","decl":{"start":{"line":19,"column":16},"end":{"line":19,"column":17}},"loc":{"start":{"line":19,"column":33},"end":{"line":19,"column":69}},"line":19},"2":{"name":"(anonymous_2)","decl":{"start":{"line":23,"column":18},"end":{"line":23,"column":19}},"loc":{"start":{"line":24,"column":6},"end":{"line":24,"column":49}},"line":24},"3":{"name":"(anonymous_3)","decl":{"start":{"line":29,"column":12},"end":{"line":29,"column":13}},"loc":{"start":{"line":29,"column":18},"end":{"line":32,"column":3}},"line":29},"4":{"name":"(anonymous_4)","decl":{"start":{"line":33,"column":2},"end":{"line":33,"column":3}},"loc":{"start":{"line":33,"column":11},"end":{"line":43,"column":3}},"line":33}},"branchMap":{"0":{"loc":{"start":{"line":14,"column":4},"end":{"line":14,"column":50}},"type":"cond-expr","locations":[{"start":{"line":14,"column":13},"end":{"line":14,"column":34}},{"start":{"line":14,"column":37},"end":{"line":14,"column":50}}],"line":14},"1":{"loc":{"start":{"line":19,"column":33},"end":{"line":19,"column":69}},"type":"cond-expr","locations":[{"start":{"line":19,"column":42},"end":{"line":19,"column":57}},{"start":{"line":19,"column":60},"end":{"line":19,"column":69}}],"line":19},"2":{"loc":{"start":{"line":24,"column":6},"end":{"line":24,"column":49}},"type":"cond-expr","locations":[{"start":{"line":24,"column":15},"end":{"line":24,"column":30}},{"start":{"line":24,"column":33},"end":{"line":24,"column":49}}],"line":24}},"s":{"0":1,"1":1,"2":1,"3":1,"4":15,"5":15,"6":15,"7":0,"8":0,"9":15,"10":15,"11":1},"f":{"0":15,"1":15,"2":15,"3":0,"4":15},"b":{"0":[3,12],"1":[3,12],"2":[3,12]},"_coverageSchema":"332fd63041d2c1bcb487cc26dd0d5f7d97098a6c","hash":"682ffd01c1c6ca2ad84d7750d990efe71e60534f"}
,"C:\\Users\\sagiv\\github clones\\react-elastic-carousel\\src\\react-elastic-carousel\\components\\Pagination\\Pagination.js": {"path":"C:\\Users\\sagiv\\github clones\\react-elastic-carousel\\src\\react-elastic-carousel\\components\\Pagination\\Pagination.js","statementMap":{"0":{"start":{"line":7,"column":19},"end":{"line":11,"column":1}},"1":{"start":{"line":15,"column":48},"end":{"line":15,"column":58}},"2":{"start":{"line":16,"column":18},"end":{"line":16,"column":43}},"3":{"start":{"line":17,"column":4},"end":{"line":23,"column":6}},"4":{"start":{"line":20,"column":10},"end":{"line":20,"column":76}},"5":{"start":{"line":27,"column":0},"end":{"line":29,"column":2}},"6":{"start":{"line":31,"column":0},"end":{"line":35,"column":2}}},"fnMap":{"0":{"name":"(anonymous_0)","decl":{"start":{"line":14,"column":2},"end":{"line":14,"column":3}},"loc":{"start":{"line":14,"column":11},"end":{"line":24,"column":3}},"line":14},"1":{"name":"(anonymous_1)","decl":{"start":{"line":19,"column":19},"end":{"line":19,"column":20}},"loc":{"start":{"line":20,"column":10},"end":{"line":20,"column":76}},"line":20}},"branchMap":{},"s":{"0":1,"1":3,"2":3,"3":3,"4":15,"5":1,"6":1},"f":{"0":3,"1":15},"b":{},"_coverageSchema":"332fd63041d2c1bcb487cc26dd0d5f7d97098a6c","hash":"c0af6d6f117660cba72c9a707fb9d47e347159a6"}
,"C:\\Users\\sagiv\\github clones\\react-elastic-carousel\\src\\react-elastic-carousel\\components\\Pagination\\index.js": {"path":"C:\\Users\\sagiv\\github clones\\react-elastic-carousel\\src\\react-elastic-carousel\\components\\Pagination\\index.js","statementMap":{},"fnMap":{},"branchMap":{},"s":{},"f":{},"b":{},"_coverageSchema":"332fd63041d2c1bcb487cc26dd0d5f7d97098a6c","hash":"0ceaa69a3e2529224293298bc5f0b913bdfd9267"}
,"C:\\Users\\sagiv\\github clones\\react-elastic-carousel\\src\\react-elastic-carousel\\components\\styled\\Button.js": {"path":"C:\\Users\\sagiv\\github clones\\react-elastic-carousel\\src\\react-elastic-carousel\\components\\styled\\Button.js","statementMap":{},"fnMap":{},"branchMap":{},"s":{},"f":{},"b":{},"_coverageSchema":"332fd63041d2c1bcb487cc26dd0d5f7d97098a6c","hash":"64a0d7a459fd950da7104055a2d4a08870a619c7"}
,"C:\\Users\\sagiv\\github clones\\react-elastic-carousel\\src\\react-elastic-carousel\\components\\styled\\CarouselWrapper.js": {"path":"C:\\Users\\sagiv\\github clones\\react-elastic-carousel\\src\\react-elastic-carousel\\components\\styled\\CarouselWrapper.js","statementMap":{"0":{"start":{"line":8,"column":31},"end":{"line":8,"column":52}}},"fnMap":{"0":{"name":"(anonymous_0)","decl":{"start":{"line":8,"column":15},"end":{"line":8,"column":16}},"loc":{"start":{"line":8,"column":31},"end":{"line":8,"column":52}},"line":8}},"branchMap":{"0":{"loc":{"start":{"line":8,"column":31},"end":{"line":8,"column":52}},"type":"cond-expr","locations":[{"start":{"line":8,"column":39},"end":{"line":8,"column":44}},{"start":{"line":8,"column":47},"end":{"line":8,"column":52}}],"line":8}},"s":{"0":3},"f":{"0":3},"b":{"0":[0,3]},"_coverageSchema":"332fd63041d2c1bcb487cc26dd0d5f7d97098a6c","hash":"2277f0edce2955b2833eaad35fade36bcd3d37bf"}
,"C:\\Users\\sagiv\\github clones\\react-elastic-carousel\\src\\react-elastic-carousel\\components\\styled\\ItemWrapper.js": {"path":"C:\\Users\\sagiv\\github clones\\react-elastic-carousel\\src\\react-elastic-carousel\\components\\styled\\ItemWrapper.js","statementMap":{"0":{"start":{"line":4,"column":42},"end":{"line":4,"column":68}},"1":{"start":{"line":10,"column":43},"end":{"line":10,"column":55}}},"fnMap":{"0":{"name":"(anonymous_0)","decl":{"start":{"line":4,"column":9},"end":{"line":4,"column":10}},"loc":{"start":{"line":4,"column":42},"end":{"line":4,"column":68}},"line":4},"1":{"name":"(anonymous_1)","decl":{"start":{"line":10,"column":21},"end":{"line":10,"column":22}},"loc":{"start":{"line":10,"column":43},"end":{"line":10,"column":55}},"line":10}},"branchMap":{},"s":{"0":15,"1":15},"f":{"0":15,"1":15},"b":{},"_coverageSchema":"332fd63041d2c1bcb487cc26dd0d5f7d97098a6c","hash":"083fde46d1b30bab022fe57c8fbd0f407edb577a"}
,"C:\\Users\\sagiv\\github clones\\react-elastic-carousel\\src\\react-elastic-carousel\\components\\styled\\Slider.js": {"path":"C:\\Users\\sagiv\\github clones\\react-elastic-carousel\\src\\react-elastic-carousel\\components\\styled\\Slider.js","statementMap":{"0":{"start":{"line":3,"column":17},"end":{"line":15,"column":1}},"1":{"start":{"line":10,"column":2},"end":{"line":14,"column":3}},"2":{"start":{"line":11,"column":4},"end":{"line":11,"column":18}},"3":{"start":{"line":13,"column":4},"end":{"line":13,"column":68}},"4":{"start":{"line":17,"column":18},"end":{"line":29,"column":1}},"5":{"start":{"line":24,"column":2},"end":{"line":28,"column":3}},"6":{"start":{"line":25,"column":4},"end":{"line":25,"column":68}},"7":{"start":{"line":27,"column":4},"end":{"line":27,"column":18}},"8":{"start":{"line":31,"column":16},"end":{"line":42,"column":1}},"9":{"start":{"line":37,"column":2},"end":{"line":41,"column":3}},"10":{"start":{"line":38,"column":4},"end":{"line":38,"column":18}},"11":{"start":{"line":40,"column":4},"end":{"line":40,"column":68}},"12":{"start":{"line":44,"column":23},"end":{"line":48,"column":1}},"13":{"start":{"line":45,"column":19},"end":{"line":45,"column":49}},"14":{"start":{"line":46,"column":26},"end":{"line":46,"column":57}},"15":{"start":{"line":47,"column":2},"end":{"line":47,"column":48}},"16":{"start":{"line":53,"column":43},"end":{"line":53,"column":74}}},"fnMap":{"0":{"name":"(anonymous_0)","decl":{"start":{"line":3,"column":17},"end":{"line":3,"column":18}},"loc":{"start":{"line":9,"column":6},"end":{"line":15,"column":1}},"line":9},"1":{"name":"(anonymous_1)","decl":{"start":{"line":17,"column":18},"end":{"line":17,"column":19}},"loc":{"start":{"line":23,"column":6},"end":{"line":29,"column":1}},"line":23},"2":{"name":"(anonymous_2)","decl":{"start":{"line":31,"column":16},"end":{"line":31,"column":17}},"loc":{"start":{"line":36,"column":6},"end":{"line":42,"column":1}},"line":36},"3":{"name":"(anonymous_3)","decl":{"start":{"line":44,"column":23},"end":{"line":44,"column":24}},"loc":{"start":{"line":44,"column":76},"end":{"line":48,"column":1}},"line":44},"4":{"name":"(anonymous_4)","decl":{"start":{"line":53,"column":20},"end":{"line":53,"column":21}},"loc":{"start":{"line":53,"column":43},"end":{"line":53,"column":74}},"line":53}},"branchMap":{"0":{"loc":{"start":{"line":10,"column":2},"end":{"line":14,"column":3}},"type":"if","locations":[{"start":{"line":10,"column":2},"end":{"line":14,"column":3}},{"start":{"line":10,"column":2},"end":{"line":14,"column":3}}],"line":10},"1":{"loc":{"start":{"line":10,"column":6},"end":{"line":10,"column":27}},"type":"binary-expr","locations":[{"start":{"line":10,"column":6},"end":{"line":10,"column":18}},{"start":{"line":10,"column":22},"end":{"line":10,"column":27}}],"line":10},"2":{"loc":{"start":{"line":13,"column":14},"end":{"line":13,"column":63}},"type":"cond-expr","locations":[{"start":{"line":13,"column":26},"end":{"line":13,"column":46}},{"start":{"line":13,"column":49},"end":{"line":13,"column":63}}],"line":13},"3":{"loc":{"start":{"line":24,"column":2},"end":{"line":28,"column":3}},"type":"if","locations":[{"start":{"line":24,"column":2},"end":{"line":28,"column":3}},{"start":{"line":24,"column":2},"end":{"line":28,"column":3}}],"line":24},"4":{"loc":{"start":{"line":24,"column":6},"end":{"line":24,"column":28}},"type":"binary-expr","locations":[{"start":{"line":24,"column":6},"end":{"line":24,"column":19}},{"start":{"line":24,"column":23},"end":{"line":24,"column":28}}],"line":24},"5":{"loc":{"start":{"line":25,"column":14},"end":{"line":25,"column":63}},"type":"cond-expr","locations":[{"start":{"line":25,"column":26},"end":{"line":25,"column":46}},{"start":{"line":25,"column":49},"end":{"line":25,"column":63}}],"line":25},"6":{"loc":{"start":{"line":37,"column":2},"end":{"line":41,"column":3}},"type":"if","locations":[{"start":{"line":37,"column":2},"end":{"line":41,"column":3}},{"start":{"line":37,"column":2},"end":{"line":41,"column":3}}],"line":37},"7":{"loc":{"start":{"line":40,"column":14},"end":{"line":40,"column":63}},"type":"cond-expr","locations":[{"start":{"line":40,"column":26},"end":{"line":40,"column":46}},{"start":{"line":40,"column":49},"end":{"line":40,"column":63}}],"line":40},"8":{"loc":{"start":{"line":45,"column":19},"end":{"line":45,"column":49}},"type":"cond-expr","locations":[{"start":{"line":45,"column":31},"end":{"line":45,"column":34}},{"start":{"line":45,"column":37},"end":{"line":45,"column":49}}],"line":45},"9":{"loc":{"start":{"line":46,"column":26},"end":{"line":46,"column":57}},"type":"cond-expr","locations":[{"start":{"line":46,"column":38},"end":{"line":46,"column":48}},{"start":{"line":46,"column":51},"end":{"line":46,"column":57}}],"line":46},"10":{"loc":{"start":{"line":53,"column":43},"end":{"line":53,"column":74}},"type":"cond-expr","locations":[{"start":{"line":53,"column":58},"end":{"line":53,"column":66}},{"start":{"line":53,"column":69},"end":{"line":53,"column":74}}],"line":53}},"s":{"0":1,"1":3,"2":0,"3":3,"4":1,"5":3,"6":0,"7":3,"8":1,"9":3,"10":3,"11":0,"12":1,"13":3,"14":3,"15":3,"16":3},"f":{"0":3,"1":3,"2":3,"3":3,"4":3},"b":{"0":[0,3],"1":[3,3],"2":[0,3],"3":[0,3],"4":[3,3],"5":[0,0],"6":[3,0],"7":[0,0],"8":[0,3],"9":[0,3],"10":[0,3]},"_coverageSchema":"332fd63041d2c1bcb487cc26dd0d5f7d97098a6c","hash":"571ba97b6c5a14b783668acbaf4cdb53dd99e2b4"}
,"C:\\Users\\sagiv\\github clones\\react-elastic-carousel\\src\\react-elastic-carousel\\components\\styled\\SliderContainer.js": {"path":"C:\\Users\\sagiv\\github clones\\react-elastic-carousel\\src\\react-elastic-carousel\\components\\styled\\SliderContainer.js","statementMap":{},"fnMap":{},"branchMap":{},"s":{},"f":{},"b":{},"_coverageSchema":"332fd63041d2c1bcb487cc26dd0d5f7d97098a6c","hash":"ead5956886159ef12807cb10256cba68d61ef4e1"}
,"C:\\Users\\sagiv\\github clones\\react-elastic-carousel\\src\\react-elastic-carousel\\components\\styled\\StyledCarousel.js": {"path":"C:\\Users\\sagiv\\github clones\\react-elastic-carousel\\src\\react-elastic-carousel\\components\\styled\\StyledCarousel.js","statementMap":{"0":{"start":{"line":7,"column":28},"end":{"line":7,"column":41}}},"fnMap":{"0":{"name":"(anonymous_0)","decl":{"start":{"line":7,"column":12},"end":{"line":7,"column":13}},"loc":{"start":{"line":7,"column":28},"end":{"line":7,"column":41}},"line":7}},"branchMap":{},"s":{"0":3},"f":{"0":3},"b":{},"_coverageSchema":"332fd63041d2c1bcb487cc26dd0d5f7d97098a6c","hash":"f6cd489c227f82205094f36fe2775ef6dfd6bf21"}
,"C:\\Users\\sagiv\\github clones\\react-elastic-carousel\\src\\react-elastic-carousel\\components\\styled\\index.js": {"path":"C:\\Users\\sagiv\\github clones\\react-elastic-carousel\\src\\react-elastic-carousel\\components\\styled\\index.js","statementMap":{},"fnMap":{},"branchMap":{},"s":{},"f":{},"b":{},"_coverageSchema":"332fd63041d2c1bcb487cc26dd0d5f7d97098a6c","hash":"77e707b27710e684e07c195935f8ee6e23726fe2"}
,"C:\\Users\\sagiv\\github clones\\react-elastic-carousel\\src\\react-elastic-carousel\\reducers\\items.js": {"path":"C:\\Users\\sagiv\\github clones\\react-elastic-carousel\\src\\react-elastic-carousel\\reducers\\items.js","statementMap":{"0":{"start":{"line":3,"column":32},"end":{"line":21,"column":1}},"1":{"start":{"line":4,"column":41},"end":{"line":4,"column":47}},"2":{"start":{"line":5,"column":2},"end":{"line":20,"column":3}},"3":{"start":{"line":7,"column":31},"end":{"line":7,"column":52}},"4":{"start":{"line":8,"column":23},"end":{"line":8,"column":79}},"5":{"start":{"line":9,"column":6},"end":{"line":9,"column":22}},"6":{"start":{"line":13,"column":31},"end":{"line":13,"column":52}},"7":{"start":{"line":14,"column":23},"end":{"line":14,"column":79}},"8":{"start":{"line":15,"column":6},"end":{"line":15,"column":22}},"9":{"start":{"line":19,"column":6},"end":{"line":19,"column":19}}},"fnMap":{"0":{"name":"(anonymous_0)","decl":{"start":{"line":3,"column":32},"end":{"line":3,"column":33}},"loc":{"start":{"line":3,"column":51},"end":{"line":21,"column":1}},"line":3}},"branchMap":{"0":{"loc":{"start":{"line":5,"column":2},"end":{"line":20,"column":3}},"type":"switch","locations":[{"start":{"line":6,"column":4},"end":{"line":10,"column":5}},{"start":{"line":12,"column":4},"end":{"line":16,"column":5}},{"start":{"line":18,"column":4},"end":{"line":19,"column":19}}],"line":5},"1":{"loc":{"start":{"line":8,"column":23},"end":{"line":8,"column":79}},"type":"cond-expr","locations":[{"start":{"line":8,"column":53},"end":{"line":8,"column":71}},{"start":{"line":8,"column":74},"end":{"line":8,"column":79}}],"line":8},"2":{"loc":{"start":{"line":14,"column":23},"end":{"line":14,"column":79}},"type":"cond-expr","locations":[{"start":{"line":14,"column":53},"end":{"line":14,"column":71}},{"start":{"line":14,"column":74},"end":{"line":14,"column":79}}],"line":14}},"s":{"0":2,"1":6,"2":6,"3":3,"4":3,"5":3,"6":2,"7":2,"8":2,"9":1},"f":{"0":6},"b":{"0":[3,2,1],"1":[2,1],"2":[1,1]},"_coverageSchema":"332fd63041d2c1bcb487cc26dd0d5f7d97098a6c","hash":"654516854a4b03dd1e88705c80cedec813be8d15"}
,"C:\\Users\\sagiv\\github clones\\react-elastic-carousel\\src\\react-elastic-carousel\\utils\\helpers.js": {"path":"C:\\Users\\sagiv\\github clones\\react-elastic-carousel\\src\\react-elastic-carousel\\utils\\helpers.js","statementMap":{"0":{"start":{"line":1,"column":20},"end":{"line":1,"column":28}},"1":{"start":{"line":3,"column":29},"end":{"line":3,"column":54}},"2":{"start":{"line":3,"column":34},"end":{"line":3,"column":54}},"3":{"start":{"line":5,"column":25},"end":{"line":5,"column":60}},"4":{"start":{"line":5,"column":38},"end":{"line":5,"column":60}},"5":{"start":{"line":7,"column":20},"end":{"line":7,"column":66}},"6":{"start":{"line":7,"column":32},"end":{"line":7,"column":66}},"7":{"start":{"line":7,"column":37},"end":{"line":7,"column":66}},"8":{"start":{"line":7,"column":58},"end":{"line":7,"column":62}},"9":{"start":{"line":9,"column":24},"end":{"line":28,"column":1}},"10":{"start":{"line":12,"column":2},"end":{"line":27,"column":4}},"11":{"start":{"line":13,"column":20},"end":{"line":13,"column":24}},"12":{"start":{"line":14,"column":17},"end":{"line":14,"column":26}},"13":{"start":{"line":15,"column":4},"end":{"line":26,"column":5}},"14":{"start":{"line":16,"column":6},"end":{"line":16,"column":32}},"15":{"start":{"line":17,"column":6},"end":{"line":17,"column":27}},"16":{"start":{"line":19,"column":6},"end":{"line":19,"column":29}},"17":{"start":{"line":20,"column":6},"end":{"line":25,"column":41}},"18":{"start":{"line":21,"column":8},"end":{"line":24,"column":9}},"19":{"start":{"line":22,"column":10},"end":{"line":22,"column":36}},"20":{"start":{"line":23,"column":10},"end":{"line":23,"column":31}}},"fnMap":{"0":{"name":"(anonymous_0)","decl":{"start":{"line":1,"column":20},"end":{"line":1,"column":21}},"loc":{"start":{"line":1,"column":26},"end":{"line":1,"column":28}},"line":1},"1":{"name":"(anonymous_1)","decl":{"start":{"line":3,"column":29},"end":{"line":3,"column":30}},"loc":{"start":{"line":3,"column":34},"end":{"line":3,"column":54}},"line":3},"2":{"name":"(anonymous_2)","decl":{"start":{"line":5,"column":25},"end":{"line":5,"column":26}},"loc":{"start":{"line":5,"column":38},"end":{"line":5,"column":60}},"line":5},"3":{"name":"(anonymous_3)","decl":{"start":{"line":7,"column":20},"end":{"line":7,"column":21}},"loc":{"start":{"line":7,"column":32},"end":{"line":7,"column":66}},"line":7},"4":{"name":"(anonymous_4)","decl":{"start":{"line":7,"column":32},"end":{"line":7,"column":33}},"loc":{"start":{"line":7,"column":37},"end":{"line":7,"column":66}},"line":7},"5":{"name":"(anonymous_5)","decl":{"start":{"line":7,"column":48},"end":{"line":7,"column":49}},"loc":{"start":{"line":7,"column":58},"end":{"line":7,"column":62}},"line":7},"6":{"name":"(anonymous_6)","decl":{"start":{"line":9,"column":24},"end":{"line":9,"column":25}},"loc":{"start":{"line":9,"column":41},"end":{"line":28,"column":1}},"line":9},"7":{"name":"(anonymous_7)","decl":{"start":{"line":12,"column":9},"end":{"line":12,"column":10}},"loc":{"start":{"line":12,"column":20},"end":{"line":27,"column":3}},"line":12},"8":{"name":"(anonymous_8)","decl":{"start":{"line":20,"column":28},"end":{"line":20,"column":29}},"loc":{"start":{"line":20,"column":39},"end":{"line":25,"column":7}},"line":20}},"branchMap":{"0":{"loc":{"start":{"line":15,"column":4},"end":{"line":26,"column":5}},"type":"if","locations":[{"start":{"line":15,"column":4},"end":{"line":26,"column":5}},{"start":{"line":15,"column":4},"end":{"line":26,"column":5}}],"line":15},"1":{"loc":{"start":{"line":21,"column":8},"end":{"line":24,"column":9}},"type":"if","locations":[{"start":{"line":21,"column":8},"end":{"line":24,"column":9}},{"start":{"line":21,"column":8},"end":{"line":24,"column":9}}],"line":21}},"s":{"0":2,"1":2,"2":5,"3":2,"4":70,"5":2,"6":1,"7":1,"8":3,"9":2,"10":0,"11":0,"12":0,"13":0,"14":0,"15":0,"16":0,"17":0,"18":0,"19":0,"20":0},"f":{"0":0,"1":5,"2":70,"3":1,"4":1,"5":3,"6":0,"7":0,"8":0},"b":{"0":[0,0],"1":[0,0]},"_coverageSchema":"332fd63041d2c1bcb487cc26dd0d5f7d97098a6c","hash":"f151f9fdbe2979f2add18cf8b7cb11bbcba18610"}
}
