TN:
SF:C:\Users\sagiv\github clones\react-elastic-carousel\src\setupTests.js
FNF:0
FNH:0
DA:4,3
LF:1
LH:1
BRF:0
BRH:0
end_of_record
TN:
SF:C:\Users\sagiv\github clones\react-elastic-carousel\src\docs\components\Button.js
FN:1,_interopRequireDefault
FNF:1
FNH:0
FNDA:0,_interopRequireDefault
DA:1,0
LF:1
LH:0
BRDA:1,0,0,0
BRDA:1,0,1,0
BRDA:1,1,0,0
BRDA:1,1,1,0
BRF:4
BRH:0
end_of_record
TN:
SF:C:\Users\sagiv\github clones\react-elastic-carousel\src\docs\components\Description.js
FN:1,_interopRequireDefault
FNF:1
FNH:0
FNDA:0,_interopRequireDefault
DA:1,0
DA:3,0
DA:5,0
LF:3
LH:0
BRDA:1,0,0,0
BRDA:1,0,1,0
BRDA:1,1,0,0
BRDA:1,1,1,0
BRF:4
BRH:0
end_of_record
TN:
SF:C:\Users\sagiv\github clones\react-elastic-carousel\src\docs\components\Flex.js
FN:1,_interopRequireDefault
FN:5,(anonymous_1)
FNF:2
FNH:0
FNDA:0,_interopRequireDefault
FNDA:0,(anonymous_1)
DA:1,0
DA:3,0
DA:5,0
DA:6,0
LF:4
LH:0
BRDA:1,0,0,0
BRDA:1,0,1,0
BRDA:1,1,0,0
BRDA:1,1,1,0
BRF:4
BRH:0
end_of_record
TN:
SF:C:\Users\sagiv\github clones\react-elastic-carousel\src\docs\components\Item.js
FN:1,_interopRequireDefault
FN:11,(anonymous_1)
FNF:2
FNH:0
FNDA:0,_interopRequireDefault
FNDA:0,(anonymous_1)
DA:1,0
DA:3,0
DA:11,0
DA:17,0
LF:4
LH:0
BRDA:1,0,0,0
BRDA:1,0,1,0
BRDA:1,1,0,0
BRDA:1,1,1,0
BRDA:11,2,0,0
BRDA:11,2,1,0
BRF:6
BRH:0
end_of_record
TN:
SF:C:\Users\sagiv\github clones\react-elastic-carousel\src\docs\components\ItemContainer.js
FN:7,_interopRequireDefault
FN:9,(anonymous_1)
FN:10,(anonymous_2)
FN:14,(anonymous_3)
FNF:4
FNH:0
FNDA:0,_interopRequireDefault
FNDA:0,(anonymous_1)
FNDA:0,(anonymous_2)
FNDA:0,(anonymous_3)
DA:1,0
DA:2,0
DA:3,0
DA:4,0
DA:5,0
DA:6,0
DA:7,0
DA:9,0
DA:11,0
DA:12,0
DA:15,0
DA:16,0
DA:30,0
DA:35,0
LF:14
LH:0
BRDA:7,0,0,0
BRDA:7,0,1,0
BRDA:7,1,0,0
BRDA:7,1,1,0
BRDA:12,2,0,0
BRDA:12,2,1,0
BRDA:21,3,0,0
BRDA:21,3,1,0
BRF:8
BRH:0
end_of_record
TN:
SF:C:\Users\sagiv\github clones\react-elastic-carousel\src\docs\components\Poster.js
FN:1,_interopRequireDefault
FN:4,(anonymous_1)
FNF:2
FNH:0
FNDA:0,_interopRequireDefault
FNDA:0,(anonymous_1)
DA:1,0
DA:3,0
DA:4,0
DA:10,0
LF:4
LH:0
BRDA:1,0,0,0
BRDA:1,0,1,0
BRDA:1,1,0,0
BRDA:1,1,1,0
BRF:4
BRH:0
end_of_record
TN:
SF:C:\Users\sagiv\github clones\react-elastic-carousel\src\docs\components\SimpleItem.js
FN:2,_interopRequireDefault
FN:12,(anonymous_1)
FNF:2
FNH:0
FNDA:0,_interopRequireDefault
FNDA:0,(anonymous_1)
DA:1,0
DA:2,0
DA:4,0
DA:12,0
DA:13,0
LF:5
LH:0
BRDA:2,0,0,0
BRDA:2,0,1,0
BRDA:2,1,0,0
BRDA:2,1,1,0
BRF:4
BRH:0
end_of_record
TN:
SF:C:\Users\sagiv\github clones\react-elastic-carousel\src\docs\components\Square.js
FN:1,_interopRequireDefault
FN:6,(anonymous_1)
FN:7,(anonymous_2)
FN:8,(anonymous_3)
FNF:4
FNH:0
FNDA:0,_interopRequireDefault
FNDA:0,(anonymous_1)
FNDA:0,(anonymous_2)
FNDA:0,(anonymous_3)
DA:1,0
DA:6,0
DA:7,0
DA:8,0
LF:4
LH:0
BRDA:1,0,0,0
BRDA:1,0,1,0
BRDA:1,1,0,0
BRDA:1,1,1,0
BRDA:6,2,0,0
BRDA:6,2,1,0
BRDA:7,3,0,0
BRDA:7,3,1,0
BRDA:8,4,0,0
BRDA:8,4,1,0
BRF:10
BRH:0
end_of_record
TN:
SF:C:\Users\sagiv\github clones\react-elastic-carousel\src\docs\components\Title.js
FN:1,_interopRequireDefault
FNF:1
FNH:0
FNDA:0,_interopRequireDefault
DA:1,0
DA:3,0
DA:6,0
LF:3
LH:0
BRDA:1,0,0,0
BRDA:1,0,1,0
BRDA:1,1,0,0
BRDA:1,1,1,0
BRF:4
BRH:0
end_of_record
TN:
SF:C:\Users\sagiv\github clones\react-elastic-carousel\src\docs\components\breakPoints.js
FNF:0
FNH:0
DA:1,0
LF:1
LH:0
BRF:0
BRH:0
end_of_record
TN:
SF:C:\Users\sagiv\github clones\react-elastic-carousel\src\docs\components\itemsCollection.js
FN:2,(anonymous_0)
FN:3,(anonymous_1)
FNF:2
FNH:0
FNDA:0,(anonymous_0)
FNDA:0,(anonymous_1)
DA:1,0
DA:3,0
LF:2
LH:0
BRDA:2,0,0,0
BRF:1
BRH:0
end_of_record
TN:
SF:C:\Users\sagiv\github clones\react-elastic-carousel\src\react-elastic-carousel\consts.js
FNF:0
FNH:0
LF:0
LH:0
BRF:0
BRH:0
end_of_record
TN:
SF:C:\Users\sagiv\github clones\react-elastic-carousel\src\react-elastic-carousel\index.js
FN:1,(anonymous_0)
FN:1,(anonymous_1)
FN:2,_interopRequireDefault
FNF:3
FNH:0
FNDA:0,(anonymous_0)
FNDA:0,(anonymous_1)
FNDA:0,_interopRequireDefault
DA:1,0
DA:2,0
LF:2
LH:0
BRDA:2,0,0,0
BRDA:2,0,1,0
BRDA:2,1,0,0
BRDA:2,1,1,0
BRF:4
BRH:0
end_of_record
TN:
SF:C:\Users\sagiv\github clones\react-elastic-carousel\src\react-elastic-carousel\actions\consts.js
FNF:0
FNH:0
DA:1,2
DA:2,2
LF:2
LH:2
BRF:0
BRH:0
end_of_record
TN:
SF:C:\Users\sagiv\github clones\react-elastic-carousel\src\react-elastic-carousel\actions\itemsActions.js
FN:3,(anonymous_0)
FN:9,(anonymous_1)
FNF:2
FNH:2
FNDA:3,(anonymous_0)
FNDA:2,(anonymous_1)
DA:3,3
DA:9,2
LF:2
LH:2
BRF:0
BRH:0
end_of_record
TN:
SF:C:\Users\sagiv\github clones\react-elastic-carousel\src\react-elastic-carousel\components\Arrow.js
FN:16,(anonymous_0)
FN:23,(anonymous_1)
FNF:2
FNH:2
FNDA:6,(anonymous_0)
FNDA:6,(anonymous_1)
DA:7,1
DA:14,1
DA:16,1
DA:17,6
DA:18,6
DA:19,0
DA:21,6
DA:23,1
DA:24,6
DA:25,6
DA:29,6
DA:41,1
DA:42,1
DA:43,1
DA:44,1
DA:46,1
LF:16
LH:15
BRDA:18,0,0,0
BRDA:18,0,1,6
BRDA:18,1,0,6
BRDA:18,1,1,6
BRF:4
BRH:3
end_of_record
TN:
SF:C:\Users\sagiv\github clones\react-elastic-carousel\src\react-elastic-carousel\components\Carousel.js
FN:34,(anonymous_0)
FN:39,(anonymous_1)
FN:54,(anonymous_2)
FN:58,(anonymous_3)
FN:58,(anonymous_4)
FN:60,(anonymous_5)
FN:61,(anonymous_6)
FN:76,(anonymous_7)
FN:78,(anonymous_8)
FN:80,(anonymous_9)
FN:88,(anonymous_10)
FN:95,(anonymous_11)
FN:99,(anonymous_12)
FN:103,(anonymous_13)
FN:115,(anonymous_14)
FN:126,(anonymous_15)
FN:137,(anonymous_16)
FN:147,(anonymous_17)
FN:148,(anonymous_18)
FN:167,(anonymous_19)
FN:182,(anonymous_20)
FN:186,(anonymous_21)
FN:193,(anonymous_22)
FN:194,(anonymous_23)
FN:208,(anonymous_24)
FN:209,(anonymous_25)
FN:215,(anonymous_26)
FN:223,(anonymous_27)
FN:229,(anonymous_28)
FN:241,(anonymous_29)
FN:250,(anonymous_30)
FN:259,(anonymous_31)
FN:268,(anonymous_32)
FN:279,(anonymous_33)
FN:290,(anonymous_34)
FN:299,(anonymous_35)
FN:308,(anonymous_36)
FN:313,(anonymous_37)
FN:332,(anonymous_38)
FN:360,(anonymous_39)
FN:369,(anonymous_40)
FN:376,(anonymous_41)
FN:377,(anonymous_42)
FN:387,(anonymous_43)
FN:394,(anonymous_44)
FNF:45
FNH:10
FNDA:5,(anonymous_0)
FNDA:0,(anonymous_1)
FNDA:0,(anonymous_2)
FNDA:10,(anonymous_3)
FNDA:6,(anonymous_4)
FNDA:5,(anonymous_5)
FNDA:0,(anonymous_6)
FNDA:0,(anonymous_7)
FNDA:0,(anonymous_8)
FNDA:0,(anonymous_9)
FNDA:0,(anonymous_10)
FNDA:0,(anonymous_11)
FNDA:0,(anonymous_12)
FNDA:10,(anonymous_13)
FNDA:0,(anonymous_14)
FNDA:10,(anonymous_15)
FNDA:0,(anonymous_16)
FNDA:0,(anonymous_17)
FNDA:0,(anonymous_18)
FNDA:0,(anonymous_19)
FNDA:0,(anonymous_20)
FNDA:0,(anonymous_21)
FNDA:0,(anonymous_22)
FNDA:0,(anonymous_23)
FNDA:0,(anonymous_24)
FNDA:0,(anonymous_25)
FNDA:0,(anonymous_26)
FNDA:0,(anonymous_27)
FNDA:0,(anonymous_28)
FNDA:0,(anonymous_29)
FNDA:0,(anonymous_30)
FNDA:0,(anonymous_31)
FNDA:0,(anonymous_32)
FNDA:0,(anonymous_33)
FNDA:0,(anonymous_34)
FNDA:0,(anonymous_35)
FNDA:0,(anonymous_36)
FNDA:0,(anonymous_37)
FNDA:0,(anonymous_38)
FNDA:0,(anonymous_39)
FNDA:5,(anonymous_40)
FNDA:5,(anonymous_41)
FNDA:5,(anonymous_42)
FNDA:0,(anonymous_43)
FNDA:5,(anonymous_44)
DA:35,5
DA:36,5
DA:40,0
DA:41,0
DA:42,0
DA:45,0
DA:46,0
DA:47,0
DA:48,0
DA:49,0
DA:50,0
DA:55,0
DA:58,10
DA:61,5
DA:62,0
DA:63,0
DA:64,0
DA:66,0
DA:67,0
DA:72,5
DA:73,5
DA:76,0
DA:79,0
DA:80,0
DA:81,0
DA:82,0
DA:83,0
DA:89,0
DA:90,0
DA:91,0
DA:96,0
DA:100,0
DA:104,10
DA:105,10
DA:108,10
DA:111,10
DA:112,0
DA:115,0
DA:116,0
DA:120,0
DA:123,10
DA:127,10
DA:128,10
DA:130,10
DA:131,10
DA:132,10
DA:134,10
DA:138,0
DA:139,0
DA:140,0
DA:141,0
DA:142,0
DA:144,0
DA:148,0
DA:149,0
DA:150,0
DA:151,0
DA:152,0
DA:153,0
DA:154,0
DA:155,0
DA:156,0
DA:158,0
DA:159,0
DA:160,0
DA:168,0
DA:169,0
DA:170,0
DA:171,0
DA:172,0
DA:173,0
DA:174,0
DA:175,0
DA:177,0
DA:179,0
DA:183,0
DA:184,0
DA:186,0
DA:190,0
DA:191,0
DA:192,0
DA:193,0
DA:200,0
DA:201,0
DA:202,0
DA:209,0
DA:210,0
DA:215,0
DA:216,0
DA:224,0
DA:225,0
DA:226,0
DA:230,0
DA:231,0
DA:232,0
DA:233,0
DA:234,0
DA:237,0
DA:238,0
DA:242,0
DA:243,0
DA:244,0
DA:245,0
DA:246,0
DA:247,0
DA:251,0
DA:252,0
DA:253,0
DA:254,0
DA:255,0
DA:256,0
DA:260,0
DA:261,0
DA:262,0
DA:263,0
DA:264,0
DA:265,0
DA:269,0
DA:270,0
DA:271,0
DA:272,0
DA:273,0
DA:274,0
DA:275,0
DA:280,0
DA:281,0
DA:282,0
DA:283,0
DA:284,0
DA:285,0
DA:286,0
DA:291,0
DA:292,0
DA:293,0
DA:294,0
DA:295,0
DA:296,0
DA:300,0
DA:301,0
DA:302,0
DA:303,0
DA:304,0
DA:305,0
DA:313,0
DA:314,0
DA:315,0
DA:316,0
DA:317,0
DA:318,0
DA:320,0
DA:323,0
DA:333,0
DA:334,0
DA:335,0
DA:336,0
DA:337,0
DA:338,0
DA:339,0
DA:340,0
DA:341,0
DA:343,0
DA:344,0
DA:346,0
DA:347,0
DA:348,0
DA:349,0
DA:350,0
DA:352,0
DA:360,0
DA:362,0
DA:370,5
DA:371,5
DA:372,5
DA:373,5
DA:377,5
DA:378,5
DA:379,5
DA:380,5
DA:381,5
DA:382,0
DA:388,0
DA:389,0
DA:390,0
DA:391,0
DA:402,5
DA:421,5
DA:422,5
DA:423,5
DA:424,5
DA:425,5
DA:426,5
DA:428,5
DA:507,1
DA:537,1
LF:194
LH:36
BRDA:45,0,0,0
BRDA:45,0,1,0
BRDA:47,1,0,0
BRDA:47,1,1,0
BRDA:47,2,0,0
BRDA:47,2,1,0
BRDA:49,3,0,0
BRDA:49,3,1,0
BRDA:49,4,0,0
BRDA:49,4,1,0
BRDA:63,5,0,0
BRDA:63,5,1,0
BRDA:66,6,0,0
BRDA:66,6,1,0
BRDA:82,7,0,0
BRDA:82,7,1,0
BRDA:89,8,0,0
BRDA:89,8,1,0
BRDA:111,9,0,0
BRDA:111,9,1,10
BRDA:111,10,0,10
BRDA:111,10,1,0
BRDA:116,11,0,0
BRDA:116,11,1,0
BRDA:131,12,0,10
BRDA:131,12,1,0
BRDA:141,13,0,0
BRDA:141,13,1,0
BRDA:141,14,0,0
BRDA:141,14,1,0
BRDA:155,15,0,0
BRDA:155,15,1,0
BRDA:158,16,0,0
BRDA:158,16,1,0
BRDA:159,17,0,0
BRDA:159,17,1,0
BRDA:171,18,0,0
BRDA:171,18,1,0
BRDA:191,19,0,0
BRDA:191,19,1,0
BRDA:208,20,0,0
BRDA:208,21,0,0
BRDA:233,22,0,0
BRDA:233,22,1,0
BRDA:234,23,0,0
BRDA:234,23,1,0
BRDA:272,24,0,0
BRDA:272,24,1,0
BRDA:274,25,0,0
BRDA:274,25,1,0
BRDA:283,26,0,0
BRDA:283,26,1,0
BRDA:285,27,0,0
BRDA:285,27,1,0
BRDA:316,28,0,0
BRDA:316,28,1,0
BRDA:317,29,0,0
BRDA:317,29,1,0
BRDA:340,30,0,0
BRDA:340,30,1,0
BRDA:343,31,0,0
BRDA:343,31,1,0
BRDA:348,32,0,0
BRDA:348,32,1,0
BRDA:373,33,0,5
BRDA:373,33,1,0
BRDA:381,34,0,0
BRDA:381,34,1,5
BRDA:422,35,0,1
BRDA:422,35,1,4
BRDA:423,36,0,1
BRDA:423,36,1,4
BRDA:436,37,0,0
BRDA:436,37,1,5
BRDA:441,38,0,0
BRDA:441,38,1,5
BRDA:472,39,0,0
BRDA:472,39,1,5
BRDA:477,40,0,0
BRDA:477,40,1,5
BRDA:482,41,0,0
BRDA:482,41,1,5
BRDA:488,42,0,0
BRDA:488,42,1,5
BRF:84
BRH:15
end_of_record
TN:
SF:C:\Users\sagiv\github clones\react-elastic-carousel\src\react-elastic-carousel\components\ItemWrapperContainer.js
FN:8,(anonymous_0)
FN:12,(anonymous_1)
FNF:2
FNH:1
FNDA:0,(anonymous_0)
FNDA:15,(anonymous_1)
DA:9,0
DA:10,0
DA:13,15
DA:14,15
DA:27,1
DA:33,1
LF:6
LH:4
BRF:0
BRH:0
end_of_record
TN:
SF:C:\Users\sagiv\github clones\react-elastic-carousel\src\react-elastic-carousel\components\Track.js
FN:7,(anonymous_0)
FN:22,(anonymous_1)
FNF:2
FNH:2
FNDA:3,(anonymous_0)
FNDA:15,(anonymous_1)
DA:7,1
DA:20,3
DA:21,3
DA:22,3
DA:24,15
DA:33,15
DA:34,15
DA:49,0
DA:52,3
DA:55,1
LF:10
LH:9
BRDA:33,0,0,15
BRDA:33,0,1,0
BRF:2
BRH:1
end_of_record
TN:
SF:C:\Users\sagiv\github clones\react-elastic-carousel\src\react-elastic-carousel\components\Pagination\Dot.js
FN:13,(anonymous_0)
FN:19,(anonymous_1)
FN:23,(anonymous_2)
FN:29,(anonymous_3)
FN:33,(anonymous_4)
FNF:5
FNH:4
FNDA:15,(anonymous_0)
FNDA:15,(anonymous_1)
FNDA:15,(anonymous_2)
FNDA:0,(anonymous_3)
FNDA:15,(anonymous_4)
DA:6,1
DA:7,1
DA:8,1
DA:10,1
DA:14,15
DA:19,15
DA:24,15
DA:30,0
DA:31,0
DA:34,15
DA:35,15
DA:46,1
LF:12
LH:10
BRDA:14,0,0,3
BRDA:14,0,1,12
BRDA:19,1,0,3
BRDA:19,1,1,12
BRDA:24,2,0,3
BRDA:24,2,1,12
BRF:6
BRH:6
end_of_record
TN:
SF:C:\Users\sagiv\github clones\react-elastic-carousel\src\react-elastic-carousel\components\Pagination\Pagination.js
FN:14,(anonymous_0)
FN:19,(anonymous_1)
FNF:2
FNH:2
FNDA:3,(anonymous_0)
FNDA:15,(anonymous_1)
DA:7,1
DA:15,3
DA:16,3
DA:17,3
DA:20,15
DA:27,1
DA:31,1
LF:7
LH:7
BRF:0
BRH:0
end_of_record
TN:
SF:C:\Users\sagiv\github clones\react-elastic-carousel\src\react-elastic-carousel\components\Pagination\index.js
FNF:0
FNH:0
LF:0
LH:0
BRF:0
BRH:0
end_of_record
TN:
SF:C:\Users\sagiv\github clones\react-elastic-carousel\src\react-elastic-carousel\components\styled\Button.js
FNF:0
FNH:0
LF:0
LH:0
BRF:0
BRH:0
end_of_record
TN:
SF:C:\Users\sagiv\github clones\react-elastic-carousel\src\react-elastic-carousel\components\styled\CarouselWrapper.js
FN:8,(anonymous_0)
FNF:1
FNH:1
FNDA:3,(anonymous_0)
DA:8,3
LF:1
LH:1
BRDA:8,0,0,0
BRDA:8,0,1,3
BRF:2
BRH:1
end_of_record
TN:
SF:C:\Users\sagiv\github clones\react-elastic-carousel\src\react-elastic-carousel\components\styled\ItemWrapper.js
FN:4,(anonymous_0)
FN:10,(anonymous_1)
FNF:2
FNH:2
FNDA:15,(anonymous_0)
FNDA:15,(anonymous_1)
DA:4,15
DA:10,15
LF:2
LH:2
BRF:0
BRH:0
end_of_record
TN:
SF:C:\Users\sagiv\github clones\react-elastic-carousel\src\react-elastic-carousel\components\styled\Slider.js
FN:3,(anonymous_0)
FN:17,(anonymous_1)
FN:31,(anonymous_2)
FN:44,(anonymous_3)
FN:53,(anonymous_4)
FNF:5
FNH:5
FNDA:3,(anonymous_0)
FNDA:3,(anonymous_1)
FNDA:3,(anonymous_2)
FNDA:3,(anonymous_3)
FNDA:3,(anonymous_4)
DA:3,1
DA:10,3
DA:11,0
DA:13,3
DA:17,1
DA:24,3
DA:25,0
DA:27,3
DA:31,1
DA:37,3
DA:38,3
DA:40,0
DA:44,1
DA:45,3
DA:46,3
DA:47,3
DA:53,3
LF:17
LH:14
BRDA:10,0,0,0
BRDA:10,0,1,3
BRDA:10,1,0,3
BRDA:10,1,1,3
BRDA:13,2,0,0
BRDA:13,2,1,3
BRDA:24,3,0,0
BRDA:24,3,1,3
BRDA:24,4,0,3
BRDA:24,4,1,3
BRDA:25,5,0,0
BRDA:25,5,1,0
BRDA:37,6,0,3
BRDA:37,6,1,0
BRDA:40,7,0,0
BRDA:40,7,1,0
BRDA:45,8,0,0
BRDA:45,8,1,3
BRDA:46,9,0,0
BRDA:46,9,1,3
BRDA:53,10,0,0
BRDA:53,10,1,3
BRF:22
BRH:11
end_of_record
TN:
SF:C:\Users\sagiv\github clones\react-elastic-carousel\src\react-elastic-carousel\components\styled\SliderContainer.js
FNF:0
FNH:0
LF:0
LH:0
BRF:0
BRH:0
end_of_record
TN:
SF:C:\Users\sagiv\github clones\react-elastic-carousel\src\react-elastic-carousel\components\styled\StyledCarousel.js
FN:7,(anonymous_0)
FNF:1
FNH:1
FNDA:3,(anonymous_0)
DA:7,3
LF:1
LH:1
BRF:0
BRH:0
end_of_record
TN:
SF:C:\Users\sagiv\github clones\react-elastic-carousel\src\react-elastic-carousel\components\styled\index.js
FNF:0
FNH:0
LF:0
LH:0
BRF:0
BRH:0
end_of_record
TN:
SF:C:\Users\sagiv\github clones\react-elastic-carousel\src\react-elastic-carousel\reducers\items.js
FN:3,(anonymous_0)
FNF:1
FNH:1
FNDA:6,(anonymous_0)
DA:3,2
DA:4,6
DA:5,6
DA:7,3
DA:8,3
DA:9,3
DA:13,2
DA:14,2
DA:15,2
DA:19,1
LF:10
LH:10
BRDA:5,0,0,3
BRDA:5,0,1,2
BRDA:5,0,2,1
BRDA:8,1,0,2
BRDA:8,1,1,1
BRDA:14,2,0,1
BRDA:14,2,1,1
BRF:7
BRH:7
end_of_record
TN:
SF:C:\Users\sagiv\github clones\react-elastic-carousel\src\react-elastic-carousel\utils\helpers.js
FN:1,(anonymous_0)
FN:3,(anonymous_1)
FN:5,(anonymous_2)
FN:7,(anonymous_3)
FN:7,(anonymous_4)
FN:7,(anonymous_5)
FN:9,(anonymous_6)
FN:12,(anonymous_7)
FN:20,(anonymous_8)
FNF:9
FNH:5
FNDA:0,(anonymous_0)
FNDA:5,(anonymous_1)
FNDA:70,(anonymous_2)
FNDA:1,(anonymous_3)
FNDA:1,(anonymous_4)
FNDA:3,(anonymous_5)
FNDA:0,(anonymous_6)
FNDA:0,(anonymous_7)
FNDA:0,(anonymous_8)
DA:1,2
DA:3,5
DA:5,70
DA:7,3
DA:9,2
DA:12,0
DA:13,0
DA:14,0
DA:15,0
DA:16,0
DA:17,0
DA:19,0
DA:20,0
DA:21,0
DA:22,0
DA:23,0
LF:16
LH:5
BRDA:15,0,0,0
BRDA:15,0,1,0
BRDA:21,1,0,0
BRDA:21,1,1,0
BRF:4
BRH:0
end_of_record
